2018-01-03 14:57:09:546
SQL-PC
172.16.0.63
2018-01-03 14:57:09:549
E:\MyFiles\java\projects\TtsServer\
2018-01-03 14:57:09:576
Accepting connections on port 8088
2018-01-03 14:57:09:578
Data to be sent:
2018-01-03 14:57:29:865
%E7%8E%8B
2018-01-03 14:57:29:868
王
2018-01-03 14:59:34:770
exit
2018-01-03 15:14:53:738
SQL-PC
172.16.0.63
2018-01-03 15:14:53:740
E:\MyFiles\java\projects\TtsServer\
2018-01-03 15:14:54:231
Accepting connections on port 8088
2018-01-03 15:14:54:232
Data to be sent:
2018-01-03 15:15:15:732
%E7%8E%8B
2018-01-03 15:15:15:734
王
2018-01-03 15:15:16:521
%E7%8E%8B
2018-01-03 15:15:16:523
王
2018-01-03 15:15:54:707
exit
2018-01-03 15:16:01:589
SQL-PC	172.16.0.63
2018-01-03 15:16:01:591
E:\MyFiles\java\projects\TtsServer\
2018-01-03 15:16:01:949
Accepting connections on port 8088
2018-01-03 15:16:01:951
Data to be sent:
2018-01-03 15:16:03:789
%E7%8E%8B
2018-01-03 15:16:03:791
王
2018-01-03 15:16:04:190
%E7%8E%8B
2018-01-03 15:16:04:192
王
2018-01-03 15:16:29:899
exit
2018-01-03 17:32:20:184
SQL-PC	172.16.0.63
2018-01-03 17:32:20:186
E:\MyFiles\java\projects\TtsServer\
2018-01-03 17:32:20:625
Accepting connections on port 8088
2018-01-03 17:32:20:627
Data to be sent:
2018-01-03 17:32:23:714
exit
2018-01-04 09:41:21:162
SQL-PC	172.16.0.63
2018-01-04 09:41:21:164
E:\MyFiles\java\projects\TtsServer\
2018-01-04 09:41:21:642
Accepting connections on port 8088
2018-01-04 09:41:21:643
Data to be sent:
2018-01-04 09:41:26:063
%E7%8E%8B
2018-01-04 09:41:26:064
王
2018-01-04 09:41:28:268
%E7%8E%8B
2018-01-04 09:41:28:269
王
2018-01-04 13:21:36:790
%E7%8E%8B
2018-01-04 13:21:36:811
王
2018-01-05 09:27:38:030
SQL-PC	172.16.0.63
2018-01-05 09:27:38:063
E:\MyFiles\java\projects\TtsServer\
2018-01-05 09:27:39:223
Accepting connections on port 8088
2018-01-05 09:27:39:224
Data to be sent:
2018-01-05 09:27:45:080
%E7%8E%8B
2018-01-05 09:27:45:082
王
2018-01-05 09:27:45:578
%E7%8E%8B
2018-01-05 09:27:45:579
王
2018-01-08 09:19:46:745
SQL-PC	172.16.0.63
2018-01-08 09:19:46:745
E:\MyFiles\java\projects\TtsServer\
2018-01-08 09:19:47:292
Accepting connections on port 8088
2018-01-08 09:19:47:292
Data to be sent:
2018-01-08 09:19:53:641
%E7%8E%8B
2018-01-08 09:19:53:642
王
2018-01-08 09:19:54:451
%E7%8E%8B
2018-01-08 09:19:54:452
王
2018-01-11 17:18:49:692
SQL-PC	172.16.0.63
2018-01-11 17:18:49:707
E:\MyFiles\java\projects\TtsServer\
2018-01-11 17:18:51:406
Accepting connections on port 8088
2018-01-11 17:18:51:409
Data to be sent:
2018-01-16 10:43:31:777
SQL-PC	172.16.0.63
2018-01-16 10:43:31:825
E:\MyFiles\java\projects\TtsServer\
2018-01-16 10:43:37:938
Accepting connections on port 8088
2018-01-16 10:43:37:940
Data to be sent:
2018-01-16 10:43:58:298
%E7%8E%8B
2018-01-16 10:43:58:300
王
2018-01-16 10:43:59:624
%E7%8E%8B
2018-01-16 10:43:59:626
王
2018-01-16 10:47:38:919
%E6%B1%89%E5%AD%97
2018-01-16 10:47:38:944
汉字
2018-01-16 10:47:41:551
%E6%B1%89%E5%AD%97
2018-01-16 10:47:41:553
汉字
2018-01-16 10:47:41:609
favicon.ico
2018-01-16 10:47:41:612
favicon.ico
2018-01-16 10:48:00:145
%E6%B1%89%E5%AD%97
2018-01-16 10:48:00:148
汉字
2018-01-16 10:48:00:284
%E6%B1%89%E5%AD%97
2018-01-16 10:48:00:286
汉字
2018-01-16 10:48:00:330
favicon.ico
2018-01-16 10:48:00:333
favicon.ico
2018-01-16 10:50:22:659
%E6%B4%BB%E5%8A%9B
2018-01-16 10:50:22:662
活力
2018-01-16 10:50:23:372
%E6%B4%BB%E5%8A%9B
2018-01-16 10:50:23:376
活力
2018-01-16 10:50:23:435
favicon.ico
2018-01-16 10:50:23:437
favicon.ico
2018-01-16 10:50:40:953
请求异常
2018-01-16 10:50:40:957
请求异常
2018-01-16 11:03:16:627
---
2018-01-16 11:03:16:630
---
2018-01-16 11:03:19:594
---
2018-01-16 11:03:19:598
---
2018-01-16 11:03:19:649
favicon.ico
2018-01-16 11:03:19:652
favicon.ico
2018-01-16 11:03:34:372
请求异常
2018-01-16 11:04:00:326
_
2018-01-16 11:04:00:330
_
2018-01-16 11:04:31:670
请求异常
2018-01-16 11:04:31:672
_
2018-01-16 11:04:31:675
_
2018-01-16 11:04:31:697
favicon.ico
2018-01-16 11:04:31:699
favicon.ico
2018-01-16 11:04:31:743
_
2018-01-16 11:04:31:744
_
2018-01-16 11:04:31:820
_
2018-01-16 11:04:31:822
_
2018-01-16 11:04:31:858
favicon.ico
2018-01-16 11:04:31:860
favicon.ico
2018-01-16 11:04:47:247
%7C
2018-01-16 11:04:47:249
|
2018-01-16 11:04:47:251
请求中包含非法字符
2018-01-16 11:04:47:393
favicon.ico
2018-01-16 11:04:47:395
favicon.ico
2018-01-16 11:05:09:972
请求异常
2018-01-16 11:05:09:974
请求异常
2018-01-16 11:05:09:975
请求异常
2018-01-16 11:05:23:705
请求异常
2018-01-16 11:05:23:707
favicon.ico
2018-01-16 11:05:23:710
favicon.ico
2018-01-16 11:05:23:798
请求异常
2018-01-16 11:05:23:800
请求异常
2018-01-16 11:11:35:003
favicon.ico
2018-01-16 11:11:35:005
favicon.ico
2018-01-16 11:11:58:896
请求异常
2018-01-16 11:11:58:899
请求异常
2018-01-16 12:04:01:434
%E6%B1%89%E5%AD%97hanzi
2018-01-16 12:04:01:458
汉字hanzi
2018-01-16 12:04:04:405
%E6%B1%89%E5%AD%97hanzi
2018-01-16 12:04:04:407
汉字hanzi
2018-01-16 12:04:04:491
favicon.ico
2018-01-16 12:04:04:493
favicon.ico
2018-01-16 12:04:31:104
%E6%B1%89%E5%AD%97welcome
2018-01-16 12:04:31:106
汉字welcome
2018-01-16 12:04:31:632
%E6%B1%89%E5%AD%97welcome
2018-01-16 12:04:31:634
汉字welcome
2018-01-16 12:04:31:692
favicon.ico
2018-01-16 12:04:31:694
favicon.ico
2018-01-16 12:05:16:204
%E6%B1%89%E5%AD%97welcome
2018-01-16 12:05:16:208
汉字welcome
2018-01-16 12:05:16:330
%E6%B1%89%E5%AD%97welcome
2018-01-16 12:05:16:332
汉字welcome
2018-01-16 12:05:16:397
favicon.ico
2018-01-16 12:05:16:399
favicon.ico
2018-01-16 13:59:37:727
SQL-PC	172.16.0.63
2018-01-16 13:59:37:729
E:\MyFiles\java\projects\TtsServer\
2018-01-16 13:59:38:398
Accepting connections on port 8088
2018-01-16 13:59:38:400
Data to be sent:
2018-01-16 13:59:43:978
%E7%8E%8B
2018-01-16 13:59:43:979
王
2018-01-16 13:59:44:518
%E7%8E%8B
2018-01-16 13:59:44:519
王
2018-01-16 13:59:56:211
%7C
2018-01-16 13:59:56:212
|
2018-01-16 13:59:56:214
请求中包含非法字符
2018-01-16 13:59:56:741
favicon.ico
2018-01-16 13:59:56:742
favicon.ico
2018-01-16 14:01:02:072
%7C
2018-01-16 14:01:02:074
|
2018-01-16 14:01:02:075
请求中包含非法字符
2018-01-16 14:01:02:685
favicon.ico
2018-01-16 14:01:02:687
favicon.ico
2018-01-16 14:01:07:128
%7C
2018-01-16 14:01:07:131
|
2018-01-16 14:01:07:134
请求中包含非法字符
2018-01-16 14:01:07:505
favicon.ico
2018-01-16 14:01:07:506
favicon.ico
2018-01-16 14:01:11:982
%E7%8E%8B
2018-01-16 14:01:11:984
王
2018-01-16 14:01:12:746
favicon.ico
2018-01-16 14:01:12:751
favicon.ico
2018-01-16 14:01:19:575
%E7%8E%8B
2018-01-16 14:01:19:576
王
2018-01-16 14:01:20:008
favicon.ico
2018-01-16 14:01:20:010
favicon.ico
2018-01-16 14:01:22:753
%E7%8E%8B
2018-01-16 14:01:22:755
王
2018-01-16 14:01:23:301
favicon.ico
2018-01-16 14:01:23:303
favicon.ico
2018-01-16 14:01:27:732
%E7%8E%8B
2018-01-16 14:01:27:734
王
2018-01-16 14:01:28:182
favicon.ico
2018-01-16 14:01:28:184
favicon.ico
2018-01-16 14:01:33:293
%E7%8E%8B
2018-01-16 14:01:33:295
王
2018-01-16 14:01:33:870
favicon.ico
2018-01-16 14:01:33:872
favicon.ico
2018-01-16 14:01:39:869
%E7%8E%8B
2018-01-16 14:01:39:870
王
2018-01-16 14:01:40:312
favicon.ico
2018-01-16 14:01:40:313
favicon.ico
2018-01-16 14:01:52:843
%E7%8E%8B
2018-01-16 14:01:52:845
王
2018-01-16 14:01:53:457
favicon.ico
2018-01-16 14:01:53:458
favicon.ico
2018-01-16 14:01:56:734
%E7%8E%8B
2018-01-16 14:01:56:736
王
2018-01-16 14:01:57:142
favicon.ico
2018-01-16 14:01:57:143
favicon.ico
2018-01-16 14:02:00:418
%E7%8E%8B
2018-01-16 14:02:00:421
王
2018-01-16 14:02:00:868
favicon.ico
2018-01-16 14:02:00:871
favicon.ico
2018-01-16 14:02:04:713
%7C
2018-01-16 14:02:04:715
|
2018-01-16 14:02:04:717
请求中包含非法字符
2018-01-16 14:02:05:181
favicon.ico
2018-01-16 14:02:05:184
favicon.ico
2018-01-16 14:02:11:870
%E7%8E%8B
2018-01-16 14:02:11:872
王
2018-01-16 14:02:12:411
favicon.ico
2018-01-16 14:02:12:413
favicon.ico
2018-01-16 14:02:27:092
%E7%8E%8B
2018-01-16 14:02:27:094
王
2018-01-16 14:02:27:553
favicon.ico
2018-01-16 14:02:27:555
favicon.ico
2018-01-16 14:02:28:397
%E7%8E%8B
2018-01-16 14:02:28:400
王
2018-01-16 14:02:28:726
favicon.ico
2018-01-16 14:02:28:728
favicon.ico
2018-01-16 14:02:28:986
%E7%8E%8B
2018-01-16 14:02:28:988
王
2018-01-16 14:02:29:397
favicon.ico
2018-01-16 14:02:29:399
favicon.ico
2018-01-16 14:02:29:435
%E7%8E%8B
2018-01-16 14:02:29:437
王
2018-01-16 14:02:29:784
%E7%8E%8B
2018-01-16 14:02:29:786
王
2018-01-16 14:02:29:807
java.net.SocketException: Software caused connection abort: socket write error
2018-01-16 14:02:29:827
%E7%8E%8B
2018-01-16 14:02:29:829
王
2018-01-16 14:02:30:163
favicon.ico
2018-01-16 14:02:30:165
favicon.ico
2018-01-16 14:02:30:202
%E7%8E%8B
2018-01-16 14:02:30:203
王
2018-01-16 14:02:30:459
%E7%8E%8B
2018-01-16 14:02:30:461
王
2018-01-16 14:02:30:506
%E7%8E%8B
2018-01-16 14:02:30:508
王
2018-01-16 14:02:30:851
favicon.ico
2018-01-16 14:02:30:853
favicon.ico
2018-01-16 14:02:30:892
%E7%8E%8B
2018-01-16 14:02:30:896
王
2018-01-16 14:02:31:184
%E7%8E%8B
2018-01-16 14:02:31:186
王
2018-01-16 14:02:31:544
favicon.ico
2018-01-16 14:02:31:546
favicon.ico
2018-01-16 14:02:31:584
%E7%8E%8B
2018-01-16 14:02:31:585
王
2018-01-16 14:02:31:837
%E7%8E%8B
2018-01-16 14:02:31:839
王
2018-01-16 14:02:32:192
favicon.ico
2018-01-16 14:02:32:193
favicon.ico
2018-01-16 14:02:32:230
%E7%8E%8B
2018-01-16 14:02:32:234
王
2018-01-16 14:02:32:820
favicon.ico
2018-01-16 14:02:32:822
favicon.ico
2018-01-16 14:03:44:752
SQL-PC	172.16.0.63
2018-01-16 14:03:44:755
E:\MyFiles\java\projects\TtsServer\
2018-01-16 14:03:45:240
Accepting connections on port 8088
2018-01-16 14:03:45:241
Data to be sent:
2018-01-16 14:03:49:000
asd?
2018-01-16 14:03:49:003
asd?
2018-01-16 14:03:49:006
请求中包含非法字符
2018-01-16 14:03:49:236
%E7%8E%8B
2018-01-16 14:03:49:238
王
2018-01-16 14:03:49:350
favicon.ico
2018-01-16 14:03:49:352
favicon.ico
2018-01-16 14:03:50:419
%E7%8E%8B
2018-01-16 14:03:50:421
王
2018-01-16 14:03:50:441
favicon.ico
2018-01-16 14:03:50:442
favicon.ico
2018-01-16 14:03:53:438
asd?
2018-01-16 14:03:53:439
asd?
2018-01-16 14:03:53:441
请求中包含非法字符
2018-01-16 14:03:53:502
favicon.ico
2018-01-16 14:03:53:504
favicon.ico
2018-01-16 14:03:55:290
asd?
2018-01-16 14:03:55:291
asd?
2018-01-16 14:03:55:293
请求中包含非法字符
2018-01-16 14:03:55:342
favicon.ico
2018-01-16 14:03:55:344
favicon.ico
2018-01-16 14:04:04:549
exit
2018-01-16 14:04:10:100
SQL-PC	172.16.0.63
2018-01-16 14:04:10:102
E:\MyFiles\java\projects\TtsServer\
2018-01-16 14:04:10:572
Accepting connections on port 8088
2018-01-16 14:04:10:573
Data to be sent:
2018-01-16 14:04:12:756
%E7%8E%8B
2018-01-16 14:04:12:758
王
2018-01-16 14:04:12:826
%E7%8E%8B
2018-01-16 14:04:12:827
王
2018-01-16 14:04:18:585
asd?
2018-01-16 14:04:18:588
asd?
2018-01-16 14:04:18:589
请求中包含非法字符
2018-01-16 14:04:18:665
favicon.ico
2018-01-16 14:04:18:667
favicon.ico
2018-01-16 14:04:33:405
asd?
2018-01-16 14:04:33:407
asd?
2018-01-16 14:04:33:408
请求中包含非法字符
2018-01-16 14:04:33:495
favicon.ico
2018-01-16 14:04:33:498
favicon.ico
2018-01-16 14:04:38:223
%E7%8E%8B
2018-01-16 14:04:38:224
王
2018-01-16 14:04:38:731
favicon.ico
2018-01-16 14:04:38:733
favicon.ico
2018-01-16 14:04:42:766
%E7%8E%8B
2018-01-16 14:04:42:769
王
2018-01-16 14:04:43:138
favicon.ico
2018-01-16 14:04:43:139
favicon.ico
2018-01-16 14:04:45:090
%E7%8E%8B
2018-01-16 14:04:45:092
王
2018-01-16 14:04:45:656
favicon.ico
2018-01-16 14:04:45:657
favicon.ico
2018-01-16 14:04:47:764
%7C
2018-01-16 14:04:47:766
|
2018-01-16 14:04:47:767
请求中包含非法字符
2018-01-16 14:04:48:187
favicon.ico
2018-01-16 14:04:48:189
favicon.ico
2018-01-16 14:04:49:368
%E7%8E%8B
2018-01-16 14:04:49:371
王
2018-01-16 14:04:49:749
favicon.ico
2018-01-16 14:04:49:750
favicon.ico
2018-01-16 14:04:59:975
%E7%8E%8B
2018-01-16 14:04:59:976
王
2018-01-16 14:05:00:348
favicon.ico
2018-01-16 14:05:00:350
favicon.ico
2018-01-16 14:05:06:362
%E7%8E%8B
2018-01-16 14:05:06:364
王
2018-01-16 14:05:06:784
favicon.ico
2018-01-16 14:05:06:786
favicon.ico
2018-01-16 14:05:10:337
%E7%8E%8B
2018-01-16 14:05:10:339
王
2018-01-16 14:05:10:851
favicon.ico
2018-01-16 14:05:10:853
favicon.ico
2018-01-16 14:05:12:206
%E7%8E%8B
2018-01-16 14:05:12:208
王
2018-01-16 14:05:12:572
favicon.ico
2018-01-16 14:05:12:574
favicon.ico
2018-01-16 14:05:13:376
%E7%8E%8B
2018-01-16 14:05:13:378
王
2018-01-16 14:05:13:764
favicon.ico
2018-01-16 14:05:13:766
favicon.ico
2018-01-16 14:05:46:009
%E7%8E%8B
2018-01-16 14:05:46:010
王
2018-01-16 14:05:57:694
SQL-PC	172.16.0.63
2018-01-16 14:05:57:697
E:\MyFiles\java\projects\TtsServer\
2018-01-16 14:05:58:214
Accepting connections on port 8088
2018-01-16 14:05:58:216
Data to be sent:
2018-01-16 14:05:59:669
%E7%8E%8B
2018-01-16 14:05:59:671
王
2018-01-16 14:05:59:719
%E7%8E%8B
2018-01-16 14:05:59:721
王
2018-01-16 14:06:13:964
asd?
2018-01-16 14:06:13:968
asd?
2018-01-16 14:06:13:971
请求中包含非法字符
2018-01-16 14:06:14:070
favicon.ico
2018-01-16 14:06:14:071
favicon.ico
2018-01-16 14:06:17:890
%E7%8E%8B
2018-01-16 14:06:17:892
王
2018-01-16 14:06:18:391
%E7%8E%8B
2018-01-16 14:06:18:393
王
2018-01-16 14:06:20:173
%7C
2018-01-16 14:06:20:175
|
2018-01-16 14:06:20:177
请求中包含非法字符
2018-01-16 14:06:20:721
favicon.ico
2018-01-16 14:06:20:722
favicon.ico
2018-01-16 14:08:45:851
SQL-PC	172.16.0.63
2018-01-16 14:08:45:853
E:\MyFiles\java\projects\TtsServer\
2018-01-16 14:08:46:333
Could not start server. Port Occupied
2018-01-16 14:08:50:950
SQL-PC	172.16.0.63
2018-01-16 14:08:50:953
E:\MyFiles\java\projects\TtsServer\
2018-01-16 14:08:51:339
Could not start server. Port Occupied
2018-01-16 14:09:00:448
SQL-PC	172.16.0.63
2018-01-16 14:09:00:451
E:\MyFiles\java\projects\TtsServer\
2018-01-16 14:09:00:825
Accepting connections on port 8088
2018-01-16 14:09:00:826
Data to be sent:
2018-01-16 14:09:03:374
%E7%8E%8B
2018-01-16 14:09:03:377
王
2018-01-16 14:09:07:661
%E7%8E%8B
2018-01-16 14:09:07:664
王
2018-01-16 14:09:11:167
asd?
2018-01-16 14:09:11:169
asd?
2018-01-16 14:09:11:170
请求中包含非法字符
2018-01-16 14:09:11:219
favicon.ico
2018-01-16 14:09:11:220
favicon.ico
2018-01-16 14:09:14:870
%7C
2018-01-16 14:09:14:871
|
2018-01-16 14:09:14:872
请求中包含非法字符
2018-01-16 14:09:15:371
favicon.ico
2018-01-16 14:09:15:373
favicon.ico
2018-01-16 14:09:16:769
%E7%8E%8B
2018-01-16 14:09:16:772
王
2018-01-16 14:09:17:198
%E7%8E%8B
2018-01-16 14:09:17:200
王
2018-01-16 14:12:41:034
SQL-PC	172.16.0.63
2018-01-16 14:12:41:036
E:\MyFiles\java\projects\TtsServer\
2018-01-16 14:12:41:538
Accepting connections on port 8088
2018-01-16 14:12:41:539
Data to be sent:
2018-01-16 14:12:43:939
%E7%8E%8B
2018-01-16 14:12:43:941
王
2018-01-16 14:12:48:604
asd?
2018-01-16 14:12:48:606
asd?
2018-01-16 14:12:48:607
请求中包含非法字符
2018-01-16 14:12:48:657
favicon.ico
2018-01-16 14:12:48:658
favicon.ico
2018-01-16 14:12:53:257
%7C
2018-01-16 14:12:53:259
|
2018-01-16 14:12:53:261
请求中包含非法字符
2018-01-16 14:12:53:778
favicon.ico
2018-01-16 14:12:53:780
favicon.ico
2018-01-16 14:13:07:121
%E7%8E%8B
2018-01-16 14:13:07:123
王
2018-01-16 14:13:07:534
%E7%8E%8B
2018-01-16 14:13:07:535
王
2018-01-16 14:13:10:959
%E7%8E%8B
2018-01-16 14:13:10:962
王
2018-01-16 14:13:11:271
%E7%8E%8B
2018-01-16 14:13:11:272
王
2018-01-16 14:13:18:057
asd?
2018-01-16 14:13:18:059
asd?
2018-01-16 14:13:18:062
请求中包含非法字符
2018-01-16 14:13:18:107
favicon.ico
2018-01-16 14:13:18:109
favicon.ico
2018-01-16 14:13:21:047
%E7%8E%8B
2018-01-16 14:13:21:050
王
2018-01-16 14:14:40:738
SQL-PC	172.16.0.63
2018-01-16 14:14:40:741
E:\MyFiles\java\projects\TtsServer\
2018-01-16 14:14:41:120
Accepting connections on port 8088
2018-01-16 14:14:41:121
Data to be sent:
2018-01-16 14:14:42:966
asd?
2018-01-16 14:14:42:968
asd?
2018-01-16 14:14:42:969
请求中包含非法字符
2018-01-16 14:14:43:018
favicon.ico
2018-01-16 14:14:43:020
favicon.ico
2018-01-16 14:14:45:831
%E7%8E%8B
2018-01-16 14:14:45:833
王
2018-01-16 14:14:59:079
%E7%8E%8B
2018-01-16 14:14:59:082
王
2018-01-16 14:14:59:576
%E7%8E%8B
2018-01-16 14:14:59:578
王
2018-01-16 14:15:12:839
%E7%8E%8B
2018-01-16 14:15:12:841
王
2018-01-16 14:15:24:511
%E7%8E%8B%E5%85%89
2018-01-16 14:15:24:512
王光
2018-01-16 14:15:26:249
%E7%8E%8B%E5%85%89
2018-01-16 14:15:26:251
王光
2018-01-16 14:15:32:869
%E7%8E%8B%E5%85%89
2018-01-16 14:15:32:871
王光
2018-01-16 14:15:53:424
%E7%8E%8B
2018-01-16 14:15:53:426
王
2018-01-16 14:26:43:617
%E7%8E%8B
2018-01-16 14:26:43:619
王
2018-01-16 14:26:44:382
%E7%8E%8B
2018-01-16 14:26:44:384
王
2018-01-16 14:27:59:914
%7C
2018-01-16 14:27:59:916
|
2018-01-16 14:27:59:917
请求中包含非法字符
2018-01-16 14:28:00:722
favicon.ico
2018-01-16 14:28:00:723
favicon.ico
2018-01-16 14:31:00:470
%E7%8E%8B%E8%80%85%E8%8D%A3%E8%80%80
2018-01-16 14:31:00:473
王者荣耀
2018-01-16 14:31:01:869
%E7%8E%8B%E8%80%85%E8%8D%A3%E8%80%80
2018-01-16 14:31:01:871
王者荣耀
2018-01-16 14:31:25:834
%E7%8E%8B
2018-01-16 14:31:25:836
王
2018-01-16 14:31:50:580
%E7%8E%8B
2018-01-16 14:31:50:583
王
2018-01-16 14:31:51:522
%E7%8E%8B
2018-01-16 14:31:51:523
王
2018-01-16 14:32:32:344
%E7%8E%8B
2018-01-16 14:32:32:346
王
2018-01-16 14:33:27:897
%E7%8E%8B
2018-01-16 14:33:27:899
王
2018-01-16 14:33:28:133
%E7%8E%8B
2018-01-16 14:33:28:134
王
2018-01-16 14:35:55:251
%E7%8E%8B
2018-01-16 14:35:55:253
王
2018-01-16 14:35:57:479
favicon.ico
2018-01-16 14:35:57:481
favicon.ico
2018-01-16 14:36:25:917
请求异常
2018-01-16 14:37:59:387
%E8%AF%B7%E6%B1%82%E7%BF%81%E7%BE%A4%E4%BA%8C%E7%BE%A4%E7%BF%81
2018-01-16 14:37:59:388
请求翁群二群翁
2018-01-16 14:38:02:381
%E8%AF%B7%E6%B1%82%E7%BF%81%E7%BE%A4%E4%BA%8C%E7%BE%A4%E7%BF%81
2018-01-16 14:38:02:383
请求翁群二群翁
2018-01-16 14:38:04:500
%E8%AF%B7%E6%B1%82%E7%BF%81%E7%BE%A4%E4%BA%8C%E7%BE%A4%E7%BF%81
2018-01-16 14:38:04:503
请求翁群二群翁
2018-01-16 14:38:04:600
%E8%AF%B7%E6%B1%82%E7%BF%81%E7%BE%A4%E4%BA%8C%E7%BE%A4%E7%BF%81
2018-01-16 14:38:04:602
请求翁群二群翁
2018-01-16 14:38:08:799
%E8%AF%B7%E6%B1%82%E7%BF%81
2018-01-16 14:38:08:801
请求翁
2018-01-16 14:38:09:329
%E8%AF%B7%E6%B1%82%E7%BF%81
2018-01-16 14:38:09:331
请求翁
2018-01-16 14:38:11:952
%E8%AF%B7%E6%B1%82
2018-01-16 14:38:11:953
请求
2018-01-16 14:38:12:371
%E8%AF%B7%E6%B1%82
2018-01-16 14:38:12:372
请求
2018-01-16 14:39:25:745
SQL-PC	172.16.0.63
2018-01-16 14:39:25:748
E:\MyFiles\java\projects\TtsServer\
2018-01-16 14:40:13:687
Accepting connections on port 8088
2018-01-16 14:40:14:125
Data to be sent:
2018-01-16 14:41:57:528
%E7%8E%8B%E8%80%85%E8%8D%A3%E8%80%80
2018-01-16 14:41:57:531
王者荣耀
2018-01-16 14:44:00:483
%E8%AF%B7%E6%B1%82123
2018-01-16 14:44:00:485
请求123
2018-01-16 14:44:28:203
请求异常
2018-01-16 14:45:09:395
请求异常
2018-01-16 14:45:20:649
%E7%8E%8B%E8%80%85%E8%8D%A3%E8%80%80
2018-01-16 14:45:20:751
王者荣耀
2018-01-16 14:56:54:225
SQL-PC	172.16.0.63
2018-01-16 14:56:54:227
E:\MyFiles\java\projects\TtsServer\
2018-01-16 14:56:54:795
Accepting connections on port 8088
2018-01-16 14:56:54:796
Data to be sent:
2018-01-16 14:57:01:514
%E8%AF%B7%E6%B1%82%E7%BF%81%E7%BE%A4%E4%BA%8C%E7%BE%A4%E7%BF%81
2018-01-16 14:57:01:516
请求翁群二群翁
2018-01-16 14:57:01:928
%E8%AF%B7%E6%B1%82%E7%BF%81%E7%BE%A4%E4%BA%8C%E7%BE%A4%E7%BF%81
2018-01-16 14:57:01:931
请求翁群二群翁
2018-01-16 14:57:05:306
%E8%AF%B7%E6%B1%82%E7%BF%81%E7%BE%A4%E4%BA%8C%E7%BE%A4%E7%BF%81
2018-01-16 14:57:05:308
请求翁群二群翁
2018-01-16 14:57:05:404
%E8%AF%B7%E6%B1%82%E7%BF%81%E7%BE%A4%E4%BA%8C%E7%BE%A4%E7%BF%81
2018-01-16 14:57:05:405
请求翁群二群翁
2018-01-16 15:05:36:742
asd?
2018-01-16 15:05:36:744
asd?
2018-01-16 15:05:36:746
请求中包含非法字符
2018-01-16 15:05:36:847
favicon.ico
2018-01-16 15:05:36:849
favicon.ico
2018-01-16 15:39:05:428
%E7%8E%8B
2018-01-16 15:39:05:429
王
2018-01-16 15:39:05:500
%E7%8E%8B
2018-01-16 15:39:05:502
王
2018-01-16 15:39:14:561
favicon.ico
2018-01-16 15:39:14:563
favicon.ico
2018-01-16 15:39:27:223
请求异常
2018-01-16 15:39:27:227
%E7%8E%8B
2018-01-16 15:39:27:230
王
2018-01-16 15:39:27:473
%E7%8E%8B
2018-01-16 15:39:27:475
王
2018-01-16 15:39:31:854
%E7%8E%8B
2018-01-16 15:39:31:857
王
2018-01-16 15:39:31:937
%E7%8E%8B
2018-01-16 15:39:31:939
王
2018-01-17 15:11:13:049
SQL-PC	172.16.0.63
2018-01-17 15:11:13:078
E:\MyFiles\java\projects\TtsServer\
2018-01-17 15:11:14:207
Accepting connections on port 8088
2018-01-17 15:11:14:209
Data to be sent:
2018-01-17 15:11:48:331
asdf
2018-01-17 15:11:48:333
asdf
2018-01-17 15:11:48:753
favicon.ico
2018-01-17 15:11:48:754
favicon.ico
2018-01-17 15:14:25:161
%7C
2018-01-17 15:14:25:163
|
2018-01-17 15:14:25:164
请求中包含非法字符
2018-01-17 15:14:25:649
favicon.ico
2018-01-17 15:14:25:650
favicon.ico
2018-01-17 15:14:32:601
exit
2018-01-17 15:14:37:510
SQL-PC	172.16.0.63
2018-01-17 15:14:37:512
E:\MyFiles\java\projects\TtsServer\
2018-01-17 15:14:38:109
Accepting connections on port 8088
2018-01-17 15:14:38:110
Data to be sent:
2018-01-17 15:14:41:727
%7C
2018-01-17 15:14:41:730
|
2018-01-17 15:14:41:732
请求中包含非法字符
2018-01-17 15:14:42:279
favicon.ico
2018-01-17 15:14:42:281
favicon.ico
2018-01-17 15:15:09:465
exit
2018-01-17 15:15:18:066
SQL-PC	172.16.0.63
2018-01-17 15:15:18:068
E:\MyFiles\java\projects\TtsServer\
2018-01-17 15:15:18:517
Accepting connections on port 8088
2018-01-17 15:15:18:518
Data to be sent:
2018-01-17 15:15:22:349
asdf
2018-01-17 15:15:22:351
asdf
2018-01-17 15:15:22:793
favicon.ico
2018-01-17 15:15:22:794
favicon.ico
2018-01-17 15:15:46:919
asdf
2018-01-17 15:15:46:921
asdf
2018-01-17 15:15:47:527
favicon.ico
2018-01-17 15:15:47:528
favicon.ico
2018-01-18 13:55:57:293
SQL-PC	172.16.0.63
2018-01-18 13:55:57:316
E:\MyFiles\java\projects\TtsServer\
2018-01-18 13:55:58:393
Accepting connections on port 8088
2018-01-18 13:55:58:394
Data to be sent:
2018-01-18 13:56:06:831
%7C
2018-01-18 13:56:06:835
|
2018-01-18 13:56:06:843
请求中包含非法字符
2018-01-18 13:56:07:432
favicon.ico
2018-01-18 13:56:07:433
favicon.ico
2018-01-18 15:21:28:800
SQL-PC	172.16.0.63
2018-01-18 15:21:28:802
E:\MyFiles\java\projects\TtsServer\
2018-01-18 15:21:29:605
Accepting connections on port 8088
2018-01-18 15:21:29:606
Data to be sent:
2018-01-18 15:21:32:910
%7C
2018-01-18 15:21:32:912
|
2018-01-18 15:21:32:913
请求中包含非法字符
2018-01-18 15:21:33:316
favicon.ico
2018-01-18 15:21:33:317
favicon.ico
2018-01-18 15:23:35:423
exit
2018-01-18 15:23:38:718
SQL-PC	172.16.0.63
2018-01-18 15:23:38:720
E:\MyFiles\java\projects\TtsServer\
2018-01-18 15:23:39:275
Accepting connections on port 8088
2018-01-18 15:23:39:276
Data to be sent:
2018-01-18 15:23:42:629
%7C
2018-01-18 15:23:42:631
|
2018-01-18 15:23:42:632
请求中包含非法字符
2018-01-18 15:23:43:059
请求异常
2018-01-18 15:24:15:696
exit
2018-01-18 15:24:18:279
SQL-PC	172.16.0.63
2018-01-18 15:24:18:281
E:\MyFiles\java\projects\TtsServer\
2018-01-18 15:24:18:730
Accepting connections on port 8088
2018-01-18 15:24:18:731
Data to be sent:
2018-01-18 15:24:19:862
%7C
2018-01-18 15:24:19:864
|
2018-01-18 15:24:19:865
请求中包含非法字符
2018-01-18 15:24:20:322
请求异常
2018-01-18 15:25:13:923
SQL-PC	172.16.0.63
2018-01-18 15:25:13:924
E:\MyFiles\java\projects\TtsServer\
2018-01-18 15:25:14:440
Could not start server. Port Occupied
2018-01-18 15:25:21:439
SQL-PC	172.16.0.63
2018-01-18 15:25:21:440
E:\MyFiles\java\projects\TtsServer\
2018-01-18 15:25:21:886
Accepting connections on port 8088
2018-01-18 15:25:21:887
Data to be sent:
2018-01-18 15:25:23:842
%7C
2018-01-18 15:25:23:843
|
2018-01-18 15:25:23:846
请求中包含非法字符
2018-01-18 15:27:48:625
getMp3?words=%7C
2018-01-18 15:27:48:627
getMp3?words=|
2018-01-18 15:27:48:628
请求中包含非法字符
2018-01-18 15:33:37:388
SQL-PC	172.16.0.63
2018-01-18 15:33:37:391
E:\MyFiles\java\projects\TtsServer\
2018-01-18 15:33:38:097
Accepting connections on port 8088
2018-01-18 15:33:38:098
Data to be sent:
2018-01-18 15:33:41:451
getMp3?words=%7C
2018-01-18 15:33:41:453
getMp3?words=|
2018-01-18 15:33:41:455
请求中包含非法字符
2018-01-18 15:40:53:906
SQL-PC	172.16.0.63
2018-01-18 15:40:53:908
E:\MyFiles\java\projects\TtsServer\
2018-01-18 15:40:54:396
Accepting connections on port 8088
2018-01-18 15:40:54:397
Data to be sent:
2018-01-18 15:40:56:183
%7C
2018-01-18 15:40:56:186
|
2018-01-18 15:40:56:188
请求中包含非法字符
2018-01-18 15:41:24:032
%7C
2018-01-18 15:41:24:033
|
2018-01-18 15:41:24:034
请求中包含非法字符
2018-01-18 15:44:20:703
exit
2018-01-18 15:45:11:278
SQL-PC	172.16.0.63
2018-01-18 15:45:11:279
E:\MyFiles\java\projects\TtsServer\
2018-01-18 15:45:11:812
Accepting connections on port 8088
2018-01-18 15:45:11:813
Data to be sent:
2018-01-18 15:45:14:744
%E7%8E%8B
2018-01-18 15:45:14:747
王
2018-01-18 15:45:21:002
%7C
2018-01-18 15:45:21:004
|
2018-01-18 15:45:21:005
请求中包含非法字符
2018-01-18 15:45:28:312
请求头不合法
2018-01-18 15:45:37:017
请求头不合法
2018-01-18 15:48:13:739
SQL-PC	172.16.0.63
2018-01-18 15:48:13:741
E:\MyFiles\java\projects\TtsServer\
2018-01-18 15:48:14:238
Accepting connections on port 8088
2018-01-18 15:48:14:239
Data to be sent:
2018-01-18 15:48:21:575
SQL-PC	172.16.0.63
2018-01-18 15:48:21:577
E:\MyFiles\java\projects\TtsServer\
2018-01-18 15:48:21:981
Accepting connections on port 8088
2018-01-18 15:48:21:982
Data to be sent:
2018-01-18 15:49:24:587
SQL-PC	172.16.0.63
2018-01-18 15:49:24:589
E:\MyFiles\java\projects\TtsServer\
2018-01-18 15:49:24:994
Accepting connections on port 8088
2018-01-18 15:49:24:995
Data to be sent:
2018-01-18 15:49:39:652
getMp3?words=%E7%8E%8B
2018-01-18 15:49:39:655
getMp3?words=王
2018-01-18 15:49:39:656
请求中包含非法字符
2018-01-18 15:49:40:073
favicon.ico
2018-01-18 15:49:40:074
favicon.ico
2018-01-18 15:49:46:900
getMp3?words=%E7%8E%8B
2018-01-18 15:49:46:902
getMp3?words=王
2018-01-18 15:49:46:903
请求中包含非法字符
2018-01-18 15:49:47:394
favicon.ico
2018-01-18 15:49:47:395
favicon.ico
2018-01-18 15:49:54:505
%E7%8E%8B
2018-01-18 15:49:54:507
王
2018-01-18 15:49:55:420
%E7%8E%8B
2018-01-18 15:49:55:421
王
2018-01-18 15:51:07:553
SQL-PC	172.16.0.63
2018-01-18 15:51:07:555
E:\MyFiles\java\projects\TtsServer\
2018-01-18 15:51:08:072
Accepting connections on port 8088
2018-01-18 15:51:08:074
Data to be sent:
2018-01-18 15:51:14:462
%E7%8E%8B
2018-01-18 15:51:14:463
王
2018-01-18 16:54:05:901
SQL-PC	172.16.0.63
2018-01-18 16:54:05:903
E:\MyFiles\java\projects\TtsServer\
2018-01-18 16:54:06:544
Accepting connections on port 8088
2018-01-18 16:54:06:545
Data to be sent:
2018-01-18 16:54:12:774
请求头不合法
2018-01-18 16:56:58:728
exit
2018-01-18 16:57:01:280
SQL-PC	172.16.0.63
2018-01-18 16:57:01:282
E:\MyFiles\java\projects\TtsServer\
2018-01-18 16:57:01:789
Accepting connections on port 8088
2018-01-18 16:57:01:791
Data to be sent:
2018-01-18 16:57:04:105
请求头不合法
2018-01-18 16:57:25:560
请求头不合法
2018-01-18 16:57:33:247
请求头不合法
2018-01-18 16:57:39:196
请求头不合法
2018-01-18 16:58:51:354
%E7%8E%8B
2018-01-18 16:58:51:356
王
2018-01-18 16:59:13:596
%E7%8E%8B
2018-01-18 16:59:13:597
王
2018-01-18 17:05:47:592
SQL-PC	172.16.0.63
2018-01-18 17:05:47:594
E:\MyFiles\java\projects\TtsServer\
2018-01-18 17:05:48:112
Accepting connections on port 8088
2018-01-18 17:05:48:113
Data to be sent:
2018-01-18 17:05:57:844
%E7%8E%8B
2018-01-18 17:05:57:846
王
2018-01-18 17:06:10:241
%E7%8E%8B
2018-01-18 17:06:10:243
王
2018-01-18 17:06:17:407
请求头不合法
2018-01-18 17:06:55:597
SQL-PC	172.16.0.63
2018-01-18 17:06:55:599
E:\MyFiles\java\projects\TtsServer\
2018-01-18 17:06:56:009
Accepting connections on port 8089
2018-01-18 17:06:56:011
Data to be sent:
2018-01-18 17:07:42:151
%E7%8E%8B
2018-01-18 17:07:42:154
王
2018-01-18 17:08:40:747
%E7%8E%8B
2018-01-18 17:08:40:748
王
2018-01-19 14:59:39:830
SQL-PC	172.16.0.63
2018-01-19 14:59:39:898
E:\MyFiles\java\projects\TtsServer\
2018-01-19 14:59:41:025
Accepting connections on port 8088
2018-01-19 14:59:41:026
Data to be sent:
2018-01-19 15:00:09:056
SQL-PC	172.16.0.63
2018-01-19 15:00:09:058
E:\MyFiles\java\projects\TtsServer\
2018-01-19 15:00:09:480
Accepting connections on port 8089
2018-01-19 15:00:09:482
Data to be sent:
2018-01-19 15:01:49:777
请求头不合法
2018-01-19 15:02:37:030
请求头不合法
2018-01-19 15:02:56:372
请求头不合法
2018-01-19 15:03:14:600
%E7%99%BE%E5%BA%A6
2018-01-19 15:03:14:616
百度
2018-01-19 15:03:37:104
%E7%99%BE%E5%BA%A6
2018-01-19 15:03:37:105
百度
2018-01-19 15:04:09:366
请求头不合法
2018-01-19 15:04:37:873
请求头不合法
2018-01-19 15:04:49:016
请求头不合法
2018-01-19 15:05:09:571
%E7%99%BE%E5%BA%A6
2018-01-19 15:05:09:573
百度
2018-01-19 15:05:31:768
%E7%99%BE%E5%BA%A6
2018-01-19 15:05:31:769
百度
2018-01-19 15:26:43:104
%E7%99%BE%E5%BA%A6&sign=asdfasdf
2018-01-19 15:26:43:117
百度&sign=asdfasdf
2018-01-19 15:52:34:778
SQL-PC	172.16.0.63
2018-01-19 15:52:34:780
E:\MyFiles\java\projects\TtsServer\
2018-01-19 15:52:35:371
Accepting connections on port 8088
2018-01-19 15:52:35:373
Data to be sent:
2018-01-19 15:53:03:663
%E7%99%BE%E5%BA%A6
2018-01-19 15:53:03:667
百度
2018-01-19 16:26:45:669
%E7%99%BE%E5%BA%A6
2018-01-19 16:26:45:671
百度
2018-01-19 16:26:54:700
exit
2018-01-19 16:27:01:015
SQL-PC	172.16.0.63
2018-01-19 16:27:01:018
E:\MyFiles\java\projects\TtsServer\
2018-01-19 16:27:01:557
Accepting connections on port 8088
2018-01-19 16:27:01:558
Data to be sent:
2018-01-19 16:27:08:491
%E7%99%BE%E5%BA%A6
2018-01-19 16:27:08:603
请求参数有误
2018-01-19 16:28:02:038
%E7%99%BE%E5%BA%A6
2018-01-19 16:28:02:040
请求参数有误
2018-01-19 16:29:11:225
exit
2018-01-19 16:29:14:442
SQL-PC	172.16.0.63
2018-01-19 16:29:14:444
E:\MyFiles\java\projects\TtsServer\
2018-01-19 16:29:14:963
Accepting connections on port 8088
2018-01-19 16:29:14:965
Data to be sent:
2018-01-19 16:29:20:119
%E7%99%BE%E5%BA%A6
2018-01-19 16:29:20:132
请求参数有误
2018-01-19 16:29:58:562
exit
2018-01-19 16:30:01:268
SQL-PC	172.16.0.63
2018-01-19 16:30:01:271
E:\MyFiles\java\projects\TtsServer\
2018-01-19 16:30:01:737
Accepting connections on port 8088
2018-01-19 16:30:01:738
Data to be sent:
2018-01-19 16:30:06:873
%E7%99%BE%E5%BA%A6
2018-01-19 16:30:06:885
百度
2018-01-19 16:39:13:485
SQL-PC	172.16.0.63
2018-01-19 16:39:13:489
E:\MyFiles\java\projects\TtsServer\
2018-01-19 16:39:14:034
Accepting connections on port 8089
2018-01-19 16:39:14:036
Data to be sent:
2018-01-19 16:39:35:510
%E7%99%BE%E5%BA%A6
2018-01-19 16:39:35:521
%E7%99%BE%E5%BA%A6
2018-01-19 16:39:35:522
百度
2018-01-19 16:56:58:242
%E7%99%BE%E5%BA%A6
2018-01-19 16:56:58:244
百度
2018-01-19 16:57:01:961
%E7%99%BE%E5%BA%A6
2018-01-19 16:57:01:963
%E7%99%BE%E5%BA%A6
2018-01-19 16:57:01:964
百度
2018-01-19 17:04:53:914
%E7%99%BE%E5%BA%A6
2018-01-19 17:04:53:915
%E7%99%BE%E5%BA%A6
2018-01-19 17:04:53:916
百度
2018-01-19 17:08:11:132
%E7%99%BE%E5%BA%A6
2018-01-19 17:08:11:134
百度
2018-01-19 17:21:09:356
exit
2018-01-19 17:21:13:660
SQL-PC	172.16.0.63
2018-01-19 17:21:13:662
E:\MyFiles\java\projects\TtsServer\
2018-01-19 17:21:14:268
Accepting connections on port 8089
2018-01-19 17:21:14:269
Data to be sent:
2018-01-19 17:21:19:882
%E7%99%BE%E5%BA%A6
2018-01-19 17:21:19:902
%E7%99%BE%E5%BA%A6
2018-01-19 17:21:19:904
百度
2018-01-19 17:21:20:617
%E7%99%BE%E5%BA%A6
2018-01-19 17:21:20:618
%E7%99%BE%E5%BA%A6
2018-01-19 17:21:20:619
百度
2018-01-19 17:21:33:152
%E7%99%BE%E5%BA%A6
2018-01-19 17:21:33:154
%E7%99%BE%E5%BA%A6
2018-01-19 17:21:33:157
百度
2018-01-19 17:21:34:109
%E7%99%BE%E5%BA%A6
2018-01-19 17:21:34:111
%E7%99%BE%E5%BA%A6
2018-01-19 17:21:34:112
百度
2018-01-19 17:26:04:931
exit
2018-01-19 17:26:06:490
exit
2018-01-19 17:26:15:558
SQL-PC	172.16.0.63
2018-01-19 17:26:15:560
E:\MyFiles\java\projects\TtsServer\
2018-01-19 17:26:16:070
Accepting connections on port 8088
2018-01-19 17:26:16:071
Data to be sent:
2018-01-19 17:26:23:021
SQL-PC	172.16.0.63
2018-01-19 17:26:23:023
E:\MyFiles\java\projects\TtsServer\
2018-01-19 17:26:23:446
Accepting connections on port 8089
2018-01-19 17:26:23:447
Data to be sent:
2018-01-19 17:26:37:673
%E7%99%BE%E5%BA%A6
2018-01-19 17:26:37:688
百度
2018-01-19 17:28:06:617
%E7%99%BE%E5%BA%A6
2018-01-19 17:28:06:629
请求参数有误
2018-01-19 17:30:33:920
exit
2018-01-19 17:30:37:381
SQL-PC	172.16.0.63
2018-01-19 17:30:37:383
E:\MyFiles\java\projects\TtsServer\
2018-01-19 17:30:37:930
Accepting connections on port 8088
2018-01-19 17:30:37:931
Data to be sent:
2018-01-19 17:30:43:145
%E7%99%BE%E5%BA%A6
2018-01-19 17:30:43:160
百度
2018-01-19 17:30:59:599
%E7%99%BE%E5%BA%A6
2018-01-19 17:30:59:601
%E7%99%BE%E5%BA%A6
2018-01-19 17:30:59:603
百度
2018-01-19 17:31:00:115
%E7%99%BE%E5%BA%A6
2018-01-19 17:31:00:116
%E7%99%BE%E5%BA%A6
2018-01-19 17:31:00:118
百度
2018-01-19 17:36:58:942
exit
2018-01-19 17:37:03:499
SQL-PC	172.16.0.63
2018-01-19 17:37:03:500
E:\MyFiles\java\projects\TtsServer\
2018-01-19 17:37:04:029
Accepting connections on port 8088
2018-01-19 17:37:04:030
Data to be sent:
2018-01-19 17:37:07:555
%E7%99%BE%E5%BA%A6
2018-01-19 17:37:07:566
百度
2018-01-19 17:37:26:896
%E7%99%BE%E5%BA%A6
2018-01-19 17:37:26:897
百度
2018-01-19 17:43:27:008
%E7%99%BE%E5%BA%A6
2018-01-19 17:43:27:009
百度
2018-01-19 17:43:40:769
%E7%99%BE%E5%BA%A6
2018-01-19 17:43:40:770
%E7%99%BE%E5%BA%A6
2018-01-19 17:43:40:772
百度
2018-01-19 17:43:41:208
%E7%99%BE%E5%BA%A6
2018-01-19 17:43:41:210
%E7%99%BE%E5%BA%A6
2018-01-19 17:43:41:211
百度
2018-01-22 09:28:42:463
SQL-PC	172.16.0.63
2018-01-22 09:28:42:463
E:\MyFiles\java\projects\TtsServer\
2018-01-22 09:28:43:165
Accepting connections on port 8088
2018-01-22 09:28:43:165
Data to be sent:
2018-01-22 09:28:49:904
SQL-PC	172.16.0.63
2018-01-22 09:28:49:904
E:\MyFiles\java\projects\TtsServer\
2018-01-22 09:28:50:283
Accepting connections on port 8089
2018-01-22 09:28:50:283
Data to be sent:
2018-01-22 09:32:44:971
%E7%99%BE%E5%BA%A6
2018-01-22 09:32:44:980
百度
2018-01-22 09:55:13:142
exit
2018-01-22 09:55:17:538
SQL-PC	172.16.0.63
2018-01-22 09:55:17:540
E:\MyFiles\java\projects\TtsServer\
2018-01-22 09:55:18:047
Accepting connections on port 8088
2018-01-22 09:55:18:048
Data to be sent:
2018-01-22 09:55:24:548
%E7%99%BE%E5%BA%A6
2018-01-22 09:55:24:567
百度
2018-01-22 09:55:49:063
%E7%99%BE%E5%BA%A6
2018-01-22 09:55:49:074
%E7%99%BE%E5%BA%A6
2018-01-22 09:55:49:076
百度
2018-01-22 09:55:49:558
%E7%99%BE%E5%BA%A6
2018-01-22 09:55:49:559
%E7%99%BE%E5%BA%A6
2018-01-22 09:55:49:560
百度
2018-01-22 09:56:26:294
exit
2018-01-22 09:56:30:569
SQL-PC	172.16.0.63
2018-01-22 09:56:30:571
E:\MyFiles\java\projects\TtsServer\
2018-01-22 09:56:30:965
Accepting connections on port 8089
2018-01-22 09:56:30:966
Data to be sent:
2018-01-22 09:56:38:609
%E7%99%BE%E5%BA%A6
2018-01-22 09:56:38:623
%E7%99%BE%E5%BA%A6
2018-01-22 09:56:38:624
百度
2018-01-22 09:56:39:076
%E7%99%BE%E5%BA%A6
2018-01-22 09:56:39:077
%E7%99%BE%E5%BA%A6
2018-01-22 09:56:39:078
百度
2018-01-22 09:58:33:677
%E7%99%BE%E5%BA%A6
2018-01-22 09:58:33:678
请求参数有误
2018-01-22 09:58:52:631
%E7%99%BE%E5%BA%A6
2018-01-22 09:58:52:633
请求参数有误
2018-01-22 10:22:13:072
%E7%99%BE%E5%BA%A6
2018-01-22 10:22:13:073
%E7%99%BE%E5%BA%A6
2018-01-22 10:22:13:075
百度
2018-01-22 10:22:13:780
%E7%99%BE%E5%BA%A6
2018-01-22 10:22:13:782
%E7%99%BE%E5%BA%A6
2018-01-22 10:22:13:783
百度
2018-01-22 10:34:50:333
exit
2018-01-22 10:34:53:930
SQL-PC	172.16.0.63
2018-01-22 10:34:53:931
E:\MyFiles\java\projects\TtsServer\
2018-01-22 10:34:54:438
Accepting connections on port 8088
2018-01-22 10:34:54:439
Data to be sent:
2018-01-22 10:35:00:730
%E7%99%BE%E5%BA%A6
2018-01-22 10:35:00:741
百度
2018-01-22 10:35:14:074
%E7%99%BE%E5%BA%A6
2018-01-22 10:35:14:076
请求参数有误
2018-01-22 10:35:17:586
%E7%99%BE%E5%BA%A6
2018-01-22 10:35:17:588
%E7%99%BE%E5%BA%A6
2018-01-22 10:35:17:589
百度
2018-01-22 10:35:18:233
%E7%99%BE%E5%BA%A6
2018-01-22 10:35:18:234
%E7%99%BE%E5%BA%A6
2018-01-22 10:35:18:235
百度
2018-01-22 13:14:15:486
%E7%99%BE%E5%BA%A6
2018-01-22 13:14:15:502
百度
2018-01-22 13:14:37:448
请求头不合法
2018-01-22 13:15:00:419
%E7%99%BE%E5%BA%A6
2018-01-22 13:15:00:420
%E7%99%BE%E5%BA%A6
2018-01-22 13:15:00:421
百度
2018-01-22 13:15:00:531
%E7%99%BE%E5%BA%A6
2018-01-22 13:15:00:532
%E7%99%BE%E5%BA%A6
2018-01-22 13:15:00:533
百度
2018-01-22 13:22:36:144
%E7%99%BE%E5%BA%A6
2018-01-22 13:22:36:145
%E7%99%BE%E5%BA%A6
2018-01-22 13:22:36:146
百度
2018-01-22 13:22:36:284
%E7%99%BE%E5%BA%A6
2018-01-22 13:22:36:285
%E7%99%BE%E5%BA%A6
2018-01-22 13:22:36:286
百度
2018-01-22 13:22:59:672
%E7%99%BE%E5%BA%A6
2018-01-22 13:22:59:673
%E7%99%BE%E5%BA%A6
2018-01-22 13:22:59:674
百度
2018-01-22 13:22:59:771
%E7%99%BE%E5%BA%A6
2018-01-22 13:22:59:772
%E7%99%BE%E5%BA%A6
2018-01-22 13:22:59:773
百度
2018-01-22 13:26:22:503
%E7%99%BE%E5%BA%A6122
2018-01-22 13:26:22:504
请求参数有误
2018-01-22 13:40:43:866
%E7%99%BE%E5%BA%A6
2018-01-22 13:40:43:867
百度
2018-01-22 13:41:42:179
%E7%99%BE%E5%BA%A6
2018-01-22 13:41:42:181
%E7%99%BE%E5%BA%A6
2018-01-22 13:41:42:182
百度
2018-01-22 13:41:42:211
%E7%99%BE%E5%BA%A6
2018-01-22 13:41:42:212
%E7%99%BE%E5%BA%A6
2018-01-22 13:41:42:214
百度
2018-01-22 13:41:50:242
%E7%99%BE%E5%BA%A6
2018-01-22 13:41:50:271
%E7%99%BE%E5%BA%A6
2018-01-22 13:41:50:272
百度
2018-01-22 13:41:56:947
%E7%99%BE%E5%BA%A6
2018-01-22 13:41:56:948
%E7%99%BE%E5%BA%A6
2018-01-22 13:41:56:949
百度
2018-01-22 14:31:06:074
exit
2018-01-22 14:31:10:426
SQL-PC	172.16.0.63
2018-01-22 14:31:10:427
E:\MyFiles\java\projects\TtsServer\
2018-01-22 14:31:11:066
Accepting connections on port 8088
2018-01-22 14:31:11:067
Data to be sent:
2018-01-22 14:39:28:143
%E7%99%BE%E5%BA%A6
2018-01-22 14:39:28:213
百度
2018-01-22 14:39:47:084
%E7%99%BE%E5%BA%A6
2018-01-22 14:39:47:085
%E7%99%BE%E5%BA%A6
2018-01-22 14:39:47:086
百度
2018-01-22 14:39:47:536
%E7%99%BE%E5%BA%A6
2018-01-22 14:39:47:537
%E7%99%BE%E5%BA%A6
2018-01-22 14:39:47:538
百度
2018-01-22 16:29:28:470
exit
2018-01-22 16:29:32:864
SQL-PC	172.16.0.63
2018-01-22 16:29:32:866
E:\MyFiles\java\projects\TtsServer\
2018-01-22 16:29:33:440

 ReadIniFile类：配置文件不存在或者格式不正确2！！！

2018-01-22 16:31:32:727
SQL-PC	172.16.0.63
2018-01-22 16:31:32:729
E:\MyFiles\java\projects\TtsServer\
2018-01-22 16:31:33:151
Accepting connections on port 8088
2018-01-22 16:31:33:152
Data to be sent:
2018-01-22 16:31:38:332
%E7%99%BE%E5%BA%A6
2018-01-22 16:31:38:345
百度
2018-01-22 16:37:45:600
SQL-PC	172.16.0.63
2018-01-22 16:37:45:602
E:\MyFiles\java\projects\TtsServer_java\
2018-01-22 16:37:46:163
Accepting connections on port 8088
2018-01-22 16:37:46:164
Data to be sent:
2018-01-22 16:37:51:886
%E7%99%BE%E5%BA%A6
2018-01-22 16:37:51:898
百度
2018-01-22 16:39:53:234
exit
2018-01-22 16:40:06:593
SQL-PC	172.16.0.63
2018-01-22 16:40:06:595
E:\MyFiles\java\projects\TtsServer_java\
2018-01-22 16:40:07:074
Accepting connections on port 8088
2018-01-22 16:40:07:075
Data to be sent:
2018-01-22 16:40:09:738
%E7%99%BE%E5%BA%A6
2018-01-22 16:40:09:748
百度
2018-01-22 16:44:36:411
SQL-PC	172.16.0.63
2018-01-22 16:44:36:413
E:\MyFiles\java\projects\TtsServer_java\
2018-01-22 16:44:36:860
Accepting connections on port 8089
2018-01-22 16:44:36:861
Data to be sent:
2018-01-22 16:51:15:814
SQL-PC	172.16.0.63
2018-01-22 16:51:15:816
E:\MyFiles\java\projects\TtsServer_java\
2018-01-22 16:51:16:448
Accepting connections on port 8089
2018-01-22 16:51:16:449
Data to be sent:
2018-01-22 16:51:22:869
15166104097483731
2018-01-22 16:51:23:325
15166104097483731
2018-01-22 16:55:02:308
exit
2018-01-22 16:55:04:899
SQL-PC	172.16.0.63
2018-01-22 16:55:04:901
E:\MyFiles\java\projects\TtsServer_java\
2018-01-22 16:55:05:363
Accepting connections on port 8089
2018-01-22 16:55:45:034
15166104097483731
2018-01-22 17:00:14:690
exit
2018-01-22 17:02:27:193
SQL-PC	172.16.0.63
2018-01-22 17:02:27:195
E:\MyFiles\java\projects\TtsServer_java\tts\
2018-01-22 17:02:27:611
Could not start server. Port Occupied
2018-01-22 17:02:38:751
SQL-PC	172.16.0.63
2018-01-22 17:02:38:754
E:\MyFiles\java\projects\TtsServer_java\tts\
2018-01-22 17:02:39:136
Accepting connections on port 8088
2018-01-22 17:02:39:137
Data to be sent:
2018-01-22 17:02:52:405
SQL-PC	172.16.0.63
2018-01-22 17:02:52:407
E:\MyFiles\java\projects\TtsServer_java\tts\
2018-01-22 17:02:52:856
Accepting connections on port 8088
2018-01-22 17:02:52:857
Data to be sent:
2018-01-22 17:06:58:116
SQL-PC	172.16.0.63
2018-01-22 17:06:58:119
E:\MyFiles\java\projects\TtsServer_java\tts\
2018-01-22 17:06:58:595
Accepting connections on port 8088
2018-01-22 17:06:58:596
Data to be sent:
2018-01-22 17:07:59:985
SQL-PC	172.16.0.63
2018-01-22 17:07:59:987
E:\MyFiles\java\projects\TtsServer_java\tts\
2018-01-22 17:08:00:377
Accepting connections on port 8088
2018-01-22 17:08:00:378
Data to be sent:
2018-01-22 17:10:18:030
SQL-PC	172.16.0.63
2018-01-22 17:10:18:032
E:\MyFiles\java\projects\TtsServer_java\tts\
2018-01-22 17:10:18:601
Accepting connections on port 8088
2018-01-22 17:10:18:603
Data to be sent:
2018-01-22 17:11:33:707
SQL-PC	172.16.0.63
2018-01-22 17:11:33:709
E:\MyFiles\java\projects\TtsServer_java\tts\
2018-01-22 17:11:34:100
Accepting connections on port 8088
2018-01-22 17:11:34:101
Data to be sent:
2018-01-22 17:13:45:623
SQL-PC	172.16.0.63
2018-01-22 17:13:45:626
E:\MyFiles\java\projects\TtsServer_java\tts\
2018-01-22 17:13:46:127
Accepting connections on port 8088
2018-01-22 17:13:46:128
Data to be sent:
2018-01-22 17:15:23:861
SQL-PC	172.16.0.63
2018-01-22 17:15:23:863
E:\MyFiles\java\projects\TtsServer_java\tts\
2018-01-22 17:15:24:258
Accepting connections on port 8088
2018-01-22 17:15:24:260
Data to be sent:
2018-01-22 17:15:33:243
%E7%99%BE%E5%BA%A6
2018-01-22 17:15:33:254
百度
2018-01-22 17:16:59:132
SQL-PC	172.16.0.63
2018-01-22 17:16:59:135
E:\MyFiles\java\projects\TtsServer_java\tts\
2018-01-22 17:16:59:643
Accepting connections on port 8089
2018-01-22 17:17:05:372
tts/15166125332556396
2018-01-22 17:17:05:373
请求中包含非法字符
2018-01-22 17:17:05:764
favicon
2018-01-22 17:27:08:184
SQL-PC	172.16.0.63
2018-01-22 17:27:08:186
E:\MyFiles\java\projects\TtsServer_java\tts\
2018-01-22 17:27:08:772
Accepting connections on port 8088
2018-01-22 17:27:08:773
Data to be sent:
2018-01-22 17:27:36:143
SQL-PC	172.16.0.63
2018-01-22 17:27:36:145
E:\MyFiles\java\projects\TtsServer_java\tts\
2018-01-22 17:27:36:581
Accepting connections on port 8089
2018-01-22 17:27:43:858
%E7%99%BE%E5%BA%A6
2018-01-22 17:27:43:869
百度
2018-01-22 17:28:44:366
SQL-PC	172.16.0.63
2018-01-22 17:28:44:368
E:\MyFiles\java\projects\TtsServer_java\tts\
2018-01-22 17:28:44:817
Accepting connections on port 8088
2018-01-22 17:28:48:393
%E7%99%BE%E5%BA%A6
2018-01-22 17:28:48:412
百度
2018-01-22 17:29:02:579
15166133284136300
2018-01-22 17:29:03:012
15166133284136300
2018-01-22 17:29:33:054
%E7%99%BE%E5%BA%A6
2018-01-22 17:29:33:056
百度
2018-01-22 17:30:21:983
15166133730563686
2018-01-22 17:31:17:971
java.net.SocketException: Connection reset
2018-01-22 17:31:17:972
请求出错！
2018-01-22 17:34:02:597
请求异常
2018-01-22 17:34:02:615
请求异常
2018-01-22 17:35:03:711
%E7%99%BE%E5%BA%A6
2018-01-22 17:35:03:713
百度
2018-01-22 17:35:04:973
%E7%99%BE%E5%BA%A6
2018-01-22 17:35:04:974
百度
2018-01-22 17:35:13:013
15166137049749022
2018-01-22 17:35:13:406
15166137049749022
2018-01-22 17:35:58:608
请求头不合法
2018-01-22 17:36:05:020
请求头不合法
2018-01-22 17:36:10:218
请求头不合法
2018-01-22 17:36:13:282
请求头不合法
2018-01-22 17:36:15:701
请求头不合法
2018-01-23 09:20:36:239
SQL-PC	172.16.0.63
2018-01-23 09:20:36:263
E:\MyFiles\java\projects\TtsServer_java\tts\
2018-01-23 09:20:36:756
Accepting connections on port 8088
2018-01-23 09:20:44:895
SQL-PC	172.16.0.63
2018-01-23 09:20:44:897
E:\MyFiles\java\projects\TtsServer_java\tts\
2018-01-23 09:20:45:272
Accepting connections on port 8089
2018-01-23 09:20:57:379
%E7%99%BE%E5%BA%A6
2018-01-23 09:20:57:389
百度
2018-01-23 09:21:00:511
15166125332556396
2018-01-23 09:21:00:671
15166133284136300
2018-01-23 09:22:04:999
15166125332556396
2018-01-23 09:22:07:309
15166133284136300
2018-01-23 09:22:35:943
15166704573904435
2018-01-23 09:22:36:435
15166704573904435
2018-01-23 09:22:40:014
15166704573904435
2018-01-23 09:22:40:384
15166704573904435
2018-01-23 09:22:54:047
15166704573904435
2018-01-23 09:22:54:438
15166704573904435
2018-01-23 09:24:26:141
%E7%99%BE%E5%BA%A6
2018-01-23 09:24:26:142
百度
2018-01-23 09:24:45:740
15166706661422889
2018-01-23 09:24:46:141
15166706661422889
2018-01-23 09:24:57:376
15166704573904435
2018-01-23 09:24:57:762
15166704573904435
2018-01-23 09:25:00:451
15166133284136300
2018-01-23 09:25:00:914
15166133284136300
2018-01-23 09:58:35:499
exit
2018-01-23 10:12:20:629
SQL-PC	172.16.0.63
2018-01-23 10:12:20:631
E:\MyFiles\java\projects\TtsServer_java\tts\
2018-01-23 10:12:21:278
Accepting connections on port 8088
2018-01-23 10:12:38:328
SQL-PC	172.16.0.63
2018-01-23 10:12:38:330
E:\MyFiles\java\projects\TtsServer_java\tts\
2018-01-23 10:12:38:777
Accepting connections on port 8089
2018-01-23 10:13:15:878
%E7%99%BE%E5%BA%A6
2018-01-23 10:13:15:888
百度
2018-01-23 10:27:52:496
exit
2018-01-23 10:27:58:996
SQL-PC	172.16.0.63
2018-01-23 10:27:58:998
E:\MyFiles\java\projects\TtsServer_java\tts\
2018-01-23 10:27:59:701
Accepting connections on port 8088
2018-01-23 10:28:02:891
%E7%99%BE%E5%BA%A6
2018-01-23 10:28:02:904
百度
2018-01-23 10:31:45:344
15166744829040222
2018-01-23 10:31:45:855
15166744829040222
2018-01-23 13:56:53:325
exit
2018-01-23 13:56:55:118
exit
2018-01-23 13:57:02:578
SQL-PC	172.16.0.63
2018-01-23 13:57:02:580
E:\MyFiles\java\projects\TtsServer_java\tts\
2018-01-23 13:57:03:407
Accepting connections on port 8088
2018-01-23 13:57:10:658
SQL-PC	172.16.0.63
2018-01-23 13:57:10:660
E:\MyFiles\java\projects\TtsServer_java\tts\
2018-01-23 13:57:10:670
Accepting connections on port 8089
2018-01-23 14:15:21:597
%E7%99%BE%E5%BA%A6
2018-01-23 14:15:21:734
百度
2018-01-23 14:15:23:329
请求异常
2018-01-23 14:15:46:105
%E7%99%BE%E5%BA%A6
2018-01-23 14:15:46:106
百度
2018-01-23 14:18:05:028
exit
2018-01-23 14:18:10:035
SQL-PC	172.16.0.63
2018-01-23 14:18:10:037
E:\MyFiles\java\projects\TtsServer_java\tts\
2018-01-23 14:18:10:609
Accepting connections on port 8088
2018-01-23 14:18:13:166
%E7%99%BE%E5%BA%A6
2018-01-23 14:18:13:177
百度
2018-01-23 14:22:13:966
15166882931777447
2018-01-23 14:22:14:433
15166882931777447
2018-01-23 14:22:21:480
15166882931777447
2018-01-23 14:22:22:157
15166882931777447
2018-01-23 14:22:25:315
15166882931777447
2018-01-23 14:22:25:665
15166882931777447
2018-01-23 14:22:28:549
15166882931777447
2018-01-23 14:22:28:907
15166882931777447
2018-01-23 14:22:32:471
15166882931777447
2018-01-23 14:22:32:822
15166882931777447
2018-01-23 14:22:35:285
15166882931777447
2018-01-23 14:22:35:570
15166882931777447
2018-01-23 14:22:37:381
15166882931777447
2018-01-23 14:22:37:733
15166882931777447
2018-01-23 14:22:39:487
15166882931777447
2018-01-23 14:22:39:822
15166882931777447
2018-01-23 14:22:49:154
15166882931777447
2018-01-23 14:22:49:523
15166882931777447
2018-01-23 14:23:48:958
请求异常
2018-01-23 14:33:58:567
%E7%99%BEa
2018-01-23 14:33:58:568
请求参数有误
2018-01-23 14:34:59:278
%E7%99%BEa
2018-01-23 14:34:59:279
请求参数有误
2018-01-23 14:35:12:560
%E7%99%BE%E5%BA%A6
2018-01-23 14:35:12:562
百度
2018-01-23 17:11:06:215
%E7%99%BEa
2018-01-23 17:11:06:226
请求参数有误
2018-01-23 17:11:06:230
%E7%99%BEa
2018-01-23 17:11:06:232
请求参数有误
2018-01-23 17:11:07:272
%E7%99%BEa
2018-01-23 17:11:07:274
请求参数有误
2018-01-23 17:17:03:007
%E7%99%BE%E5%BA%A6
2018-01-23 17:17:03:014
百度
2018-01-23 17:17:24:213
15166990230142545
2018-01-23 17:17:24:796
15166990230142545
2018-01-23 17:23:36:121
15166990230142545
2018-01-23 17:23:36:647
15166990230142545
2018-01-23 17:27:48:655
exit
2018-01-23 17:27:54:966
SQL-PC	172.16.0.63
2018-01-23 17:27:54:968
E:\MyFiles\java\projects\TtsServer_java\tts\
2018-01-23 17:27:55:787
Accepting connections on port 8088
2018-01-23 17:31:12:160
%E7%99%BE%E5%BA%A6
2018-01-23 17:31:12:283
百度
2018-01-23 17:31:13:124
请求异常GET /favicon.ico HTTP/1.1
2018-01-24 10:57:12:047
SQL-PC	172.16.0.63
2018-01-24 10:57:12:097
E:\MyFiles\java\projects\TtsServer_java\tts\
2018-01-24 10:57:12:704
Accepting connections on port 8088
2018-01-24 10:57:27:569
SQL-PC	172.16.0.63
2018-01-24 10:57:27:571
E:\MyFiles\java\projects\TtsServer_java\tts\
2018-01-24 10:57:27:578
Accepting connections on port 8089
2018-01-24 11:01:10:060
%E7%99%BE%E5%BA%A6
2018-01-24 11:01:10:084
百度
2018-01-24 11:01:11:617
请求异常GET /favicon.ico HTTP/1.1
2018-01-24 15:20:56:848
15167628700857736
2018-01-24 15:20:57:463
15167628700857736
2018-01-25 14:13:37:862
SQL-PC	172.16.0.63
2018-01-25 14:13:37:864
E:\MyFiles\java\projects\TtsServer_java\tts\
2018-01-25 14:13:38:861
Accepting connections on port 8088
2018-01-25 14:13:44:973
SQL-PC	172.16.0.63
2018-01-25 14:13:44:975
E:\MyFiles\java\projects\TtsServer_java\tts\
2018-01-25 14:13:44:983
Accepting connections on port 8089
2018-01-25 14:14:18:075
%E7%99%BE%E5%BA%A6
2018-01-25 14:14:18:086
百度
2018-01-25 14:14:19:888
请求异常GET /favicon.ico HTTP/1.1
2018-01-25 14:14:33:385
15168608580867084
2018-01-25 14:14:33:821
15168608580867084
2018-01-25 14:14:36:896
15168608580867084
2018-01-25 14:14:37:206
15168608580867084
2018-01-25 14:15:39:755
%E7%99%BE%E5%BA%A6
2018-01-25 14:15:39:756
百度
2018-01-25 14:16:06:706
%E7%99%BE%E5%BA%A6
2018-01-25 14:16:06:707
百度
2018-01-25 14:16:19:851
15168608580867084
2018-01-25 14:16:20:578
15168608580867084
2018-01-25 14:17:11:575
15168608580867084
2018-01-25 14:17:12:321
15168608580867084
2018-01-25 14:46:41:700
exit
2018-01-25 14:46:48:859
SQL-PC	172.16.0.63
2018-01-25 14:46:48:878
E:\MyFiles\java\projects\TtsServer_java\tts\
2018-01-25 14:46:49:967
Accepting connections on port 8088
2018-01-25 14:47:06:387
%E7%99%BE%E5%BA%A6
2018-01-25 14:47:06:691
百度
2018-01-25 14:47:23:129
15168628266912314
2018-01-25 14:47:23:601
15168628266912314
2018-01-25 14:47:28:710
15168628266912314
2018-01-25 14:47:29:089
15168628266912314
2018-01-25 14:47:31:360
15168628266912314
2018-01-25 14:47:31:608
15168628266912314
2018-01-25 14:48:12:026
exit
2018-01-25 14:48:18:827
SQL-PC	172.16.0.63
2018-01-25 14:48:18:830
E:\MyFiles\java\projects\TtsServer_java\tts\
2018-01-25 14:48:19:384
Accepting connections on port 8088
2018-01-25 14:48:50:763
exit
2018-01-25 14:48:55:200
SQL-PC	172.16.0.63
2018-01-25 14:48:55:202
E:\MyFiles\java\projects\TtsServer_java\tts\
2018-01-25 14:48:56:137
Accepting connections on port 8088
2018-01-25 14:49:17:880
%E4%B8%8D%E8%A6%81%E8%BF%99%E6%A0%B7%E5%AD%90%E5%98%9B
2018-01-25 14:49:17:890
请求参数有误
2018-01-25 14:49:40:741
%E4%B8%8D%E8%A6%81%E8%BF%99%E6%A0%B7%E5%AD%90%E5%98%9B
2018-01-25 14:49:40:742
不要这样子嘛
2018-01-25 14:49:55:365
15168629807434276
2018-01-25 14:49:55:832
15168629807434276
2018-01-25 14:50:03:850
15168629807434276
2018-01-25 14:50:04:244
15168629807434276
2018-01-25 14:50:26:331
exit
2018-01-25 14:50:30:363
SQL-PC	172.16.0.63
2018-01-25 14:50:30:365
E:\MyFiles\java\projects\TtsServer_java\tts\
2018-01-25 14:50:30:883
Accepting connections on port 8088
2018-01-25 14:50:43:306
%E4%B8%8D%E8%A6%81%E8%BF%99%E6%A0%B7%E5%AD%90%E5%98%9B
2018-01-25 14:50:43:317
不要这样子嘛
2018-01-25 14:51:00:625
15168630433175562
2018-01-25 14:51:01:159
15168630433175562
2018-01-25 14:51:08:595
15168630433175562
2018-01-25 14:51:09:041
15168630433175562
2018-01-25 14:51:34:772
exit
2018-01-25 14:51:39:995
SQL-PC	172.16.0.63
2018-01-25 14:51:39:998
E:\MyFiles\java\projects\TtsServer_java\tts\
2018-01-25 14:51:40:557
Accepting connections on port 8088
2018-01-25 14:51:52:453
%E4%B8%8D%E8%A6%81%E8%BF%99%E6%A0%B7%E5%AD%90%E5%98%9B
2018-01-25 14:51:52:467
不要这样子嘛
2018-01-25 14:52:10:811
15168631124672916
2018-01-25 14:52:11:521
15168631124672916
2018-01-25 14:56:18:529
exit
2018-01-25 14:56:23:755
SQL-PC	172.16.0.63
2018-01-25 14:56:23:758
E:\MyFiles\java\projects\TtsServer_java\tts\
2018-01-25 14:56:24:334
Accepting connections on port 8088
2018-01-25 14:56:32:255
%E4%B8%8D%E8%A6%81%E8%BF%99%E6%A0%B7%E5%AD%90%E5%98%9B
2018-01-25 14:56:32:268
不要这样子嘛
2018-01-25 14:56:52:035
15168633922680008
2018-01-25 14:56:52:697
15168633922680008
2018-01-25 14:57:14:847
%E7%99%BE%E5%BA%A6
2018-01-25 14:57:14:852
百度
2018-01-25 14:57:28:147
15168634348525066
2018-01-25 14:57:28:575
15168634348525066
2018-01-25 14:57:33:841
15168634348525066
2018-01-25 14:57:34:224
15168634348525066
2018-01-25 14:57:42:476
%E7%99%BE%E5%BA%A6
2018-01-25 14:57:42:479
百度
2018-01-25 14:58:13:750
15168634624803207
2018-01-25 14:58:14:157
15168634624803207
2018-01-25 15:19:46:810
请求头不合法
2018-01-25 15:19:51:896
%E7%99%BE%E5%BA%A6
2018-01-25 15:19:51:897
请求参数有误
2018-01-25 15:19:57:152
%E7%99%BE%E5%BA%A6
2018-01-25 15:19:57:154
请求参数有误
2018-01-25 15:20:02:259
请求头不合法
2018-01-25 15:23:29:351
请求头不合法
2018-01-25 15:23:41:050
%E7%99%BE%E5%BA%A6
2018-01-25 15:23:41:051
请求参数有误
2018-01-25 15:23:49:862
%E7%99%BE%E5%BA%A6
2018-01-25 15:23:49:864
百度
2018-01-25 15:24:15:887
15168650298647858
2018-01-25 15:24:16:302
15168650298647858
2018-01-25 15:24:19:230
15168650298647858
2018-01-25 15:24:19:691
15168650298647858
2018-01-25 16:57:53:373
SQL-PC	172.16.0.63
2018-01-25 16:57:53:376
E:\MyFiles\java\projects\TtsServer_java\tts\
2018-01-25 16:57:53:898
Accepting connections on port 8088
2018-01-25 16:57:57:372
exit
2018-01-30 15:54:28:082
SQL-PC	172.16.0.63
2018-01-30 15:54:28:108
E:\MyFiles\java\projects\TtsServer_java/tts/
2018-01-30 15:54:29:288
Could not start server. Port Occupied
2018-01-30 15:55:02:002
SQL-PC	172.16.0.63
2018-01-30 15:55:02:004
E:\MyFiles\java\projects\TtsServer_java/tts/
2018-01-30 15:55:02:611
Could not start server. Port Occupied
2018-01-30 15:57:07:092
SQL-PC	172.16.0.63
2018-01-30 15:57:07:094
E:\MyFiles\java\projects\TtsServer_java/tts/
2018-01-30 15:57:07:727
Could not start server. Port Occupied
2018-01-30 16:01:16:138
SQL-PC	172.16.0.63
2018-01-30 16:01:16:140
E:\MyFiles\java\projects\TtsServer_java/tts/
2018-01-30 16:01:16:765
Could not start server. Port Occupied
2018-01-30 16:01:29:906
SQL-PC	172.16.0.63
2018-01-30 16:01:29:908
E:\MyFiles\java\projects\TtsServer_java/tts/
2018-01-30 16:01:30:509
Could not start server. Port Occupied
2018-01-30 16:10:54:127
SQL-PC	172.16.0.63
2018-01-30 16:10:54:129
E:\MyFiles\java\projects\TtsServer_java/tts/
2018-01-30 16:10:54:740
Could not start server. Port Occupied
2018-01-30 16:11:17:755
SQL-PC	172.16.0.63
2018-01-30 16:11:17:756
E:\MyFiles\java\projects\TtsServer_java/tts/
2018-01-30 16:11:18:335
Could not start server. Port Occupied
2018-01-30 16:13:10:644
SQL-PC	172.16.0.63
2018-01-30 16:13:10:647
E:\MyFiles\java\projects\TtsServer_java\tts\
2018-01-30 16:13:11:277
Could not start server. Port Occupied
2018-01-30 16:14:09:685
SQL-PC	172.16.0.63
2018-01-30 16:14:09:687
E:\MyFiles\java\projects\TtsServer_java\tts\
2018-01-30 16:14:10:240
Could not start server. Port Occupied
2018-01-30 16:19:16:073
SQL-PC	172.16.0.63
2018-01-30 16:19:16:075
E:\MyFiles\java\projects\TtsServer_java\tts\
2018-01-30 16:19:16:683
Could not start server. Port Occupied
2018-01-30 16:29:36:200
SQL-PC	172.16.0.63
2018-01-30 16:29:36:202
E:\MyFiles\java\projects\TtsServer_java\tts\
2018-01-30 16:29:36:815
Accepting connections on port 8088
2018-01-30 16:29:44:405
SQL-PC	172.16.0.63
2018-01-30 16:29:44:407
E:\MyFiles\java\projects\TtsServer_java\tts\
2018-01-30 16:29:44:416
Accepting connections on port 8089
2018-01-30 16:30:00:261
%E7%99%BE%E5%BA%A6
2018-01-30 16:30:00:272
百度
2018-01-30 16:30:01:915
请求异常GET /favicon.ico HTTP/1.1
2018-01-30 16:30:34:107
15173010002724965
2018-01-30 16:30:34:551
15173010002724965
2018-01-30 16:43:10:358
SQL-PC	172.16.0.63
2018-01-30 16:43:10:360
E:\MyFiles\java\projects\TtsServer_java\tts\
2018-01-30 16:43:10:368
Accepting connections on port 8089
2018-01-30 16:47:18:257
SQL-PC	172.16.0.63
2018-01-30 16:47:18:259
E:\MyFiles\java\projects\TtsServer_java\tts\
2018-01-30 16:47:18:917
Accepting connections on port 8088
2018-01-30 16:47:26:060
SQL-PC	172.16.0.63
2018-01-30 16:47:26:062
E:\MyFiles\java\projects\TtsServer_java\tts\
2018-01-30 16:47:26:071
Accepting connections on port 8089
2018-01-30 16:48:01:482
%E7%99%BE%E5%BA%A6
2018-01-30 16:48:01:494
百度
2018-01-30 16:48:24:116
15173020814946566
2018-01-30 16:48:24:529
15173020814946566
2018-01-30 16:51:42:291
SQL-PC	172.16.0.63
2018-01-30 16:51:42:294
E:\MyFiles\java\projects\TtsServer_java\tts\
2018-01-30 16:51:42:918
Accepting connections on port 8088
2018-01-30 16:51:51:137
GET /setWords?words=%E7%99%BE%E5%BA%A6&sign=A6FBE3AF49BB2488E536302ED5B9228E HTTP/1.1
2018-01-30 16:51:51:138
%E7%99%BE%E5%BA%A6
2018-01-30 16:51:51:149
百度
2018-01-30 16:53:36:615
SQL-PC	172.16.0.63
2018-01-30 16:53:36:617
E:\MyFiles\java\projects\TtsServer_java\tts\
2018-01-30 16:53:37:150
Accepting connections on port 8088
2018-01-30 16:54:09:198
SQL-PC	172.16.0.63
2018-01-30 16:54:09:200
E:\MyFiles\java\projects\TtsServer_java\tts\
2018-01-30 16:54:09:850
Accepting connections on port 8088
2018-01-30 16:56:45:343
SQL-PC	172.16.0.63
2018-01-30 16:56:45:345
E:\MyFiles\java\projects\TtsServer_java\tts\
2018-01-30 16:56:45:355
Accepting connections on port 8089
2018-01-30 16:57:02:250
GET /setWords?words=%E7%99%BE%E5%BA%A6&sign=A6FBE3AF49BB2488E536302ED5B9228E HTTP/1.1
2018-01-30 16:57:02:252
%E7%99%BE%E5%BA%A6
2018-01-30 16:57:02:263
百度
2018-01-30 16:57:02:265
百度
2018-01-30 16:57:02:266
15173026222653682
2018-01-30 16:57:17:006
GET /tts/15173026222653682.mp3 HTTP/1.1
2018-01-30 16:57:17:007
15173026222653682
2018-01-30 16:57:17:394
GET /tts/15173026222653682.mp3 HTTP/1.1
2018-01-30 16:57:17:395
15173026222653682
2018-01-30 17:47:00:884
SQL-PC	172.16.0.63
2018-01-30 17:47:00:886
E:\MyFiles\java\projects\TtsServer_java\tts\
2018-01-30 17:47:01:620
Accepting connections on port 8088
2018-01-30 17:47:10:277
SQL-PC	172.16.0.63
2018-01-30 17:47:10:279
E:\MyFiles\java\projects\TtsServer_java\tts\
2018-01-30 17:47:10:288
Accepting connections on port 8089
2018-01-30 17:47:20:119
GET /setWords?words=%E7%99%BE%E5%BA%A6&sign=A6FBE3AF49BB2488E536302ED5B9228E HTTP/1.1
2018-01-30 17:47:20:121
%E7%99%BE%E5%BA%A6
2018-01-30 17:47:20:132
百度
2018-01-30 17:47:20:133
百度
2018-01-30 17:47:20:134
15173056401336642
2018-01-30 17:47:36:054
GET /setWords?words=%E7%99%BE%E5%BA%A6&sign=A6FBE3AF49BB2488E536302ED5B9228E HTTP/1.1
2018-01-30 17:47:36:055
%E7%99%BE%E5%BA%A6
2018-01-30 17:47:36:057
百度
2018-01-30 17:47:36:058
百度
2018-01-30 17:47:36:059
15173056560582144
2018-01-30 17:48:20:077
GET /tts/15173042267921165.mp3 HTTP/1.1
2018-01-30 17:48:20:078
15173042267921165
2018-01-30 17:48:20:486
GET /favicon.ico HTTP/1.1
2018-01-30 17:48:20:487
请求异常00
2018-01-31 14:10:32:548
SQL-PC	172.16.0.63
2018-01-31 14:10:32:555
E:\MyFiles\java\projects\TtsServer_java\tts\
2018-01-31 14:10:33:328
Accepting connections on port 8088
2018-01-31 14:10:41:324
SQL-PC	172.16.0.63
2018-01-31 14:10:41:331
E:\MyFiles\java\projects\TtsServer_java\tts\
2018-01-31 14:10:41:338
Accepting connections on port 8089
2018-01-31 14:11:04:278
GET /setWords?words=%E7%99%BE%E5%BA%A6&sign=A6FBE3AF49BB2488E536302ED5B9228E HTTP/1.1
2018-01-31 14:11:04:288
%E7%99%BE%E5%BA%A6
2018-01-31 14:11:04:361
百度
2018-01-31 14:11:04:362
百度
2018-01-31 14:11:04:364
15173790643631421
2018-01-31 14:11:06:279
GET /favicon.ico HTTP/1.1
2018-01-31 14:11:06:280
请求异常GET /favicon.ico HTTP/1.1
2018-01-31 14:11:59:463
GET /tts/15173790643631421.mp3 HTTP/1.1
2018-01-31 14:11:59:465
15173790643631421
2018-01-31 14:12:00:051
GET /tts/15173790643631421.mp3 HTTP/1.1
2018-01-31 14:12:00:052
15173790643631421
2018-01-31 14:12:08:360
GET /tts/1517379064363141.mp3 HTTP/1.1
2018-01-31 14:12:08:361
1517379064363141
2018-01-31 14:12:08:786
GET /favicon.ico HTTP/1.1
2018-01-31 14:12:08:787
请求异常00
2018-01-31 14:12:17:596
GET /tt/1517379064363141.mp3 HTTP/1.1
2018-01-31 14:12:17:597
请求异常00
2018-01-31 14:12:17:947
GET /favicon.ico HTTP/1.1
2018-01-31 14:12:17:948
请求异常00
2018-01-31 14:14:23:120
SQL-PC	172.16.0.63
2018-01-31 14:14:23:127
E:\MyFiles\java\projects\TtsServer_java
2018-01-31 14:14:23:788
Accepting connections on port 8088
2018-01-31 14:14:27:566
GET /tt/1517379064363141.mp3 HTTP/1.1
2018-01-31 14:14:27:568
请求异常00
2018-01-31 14:14:28:023
GET /favicon.ico HTTP/1.1
2018-01-31 14:14:28:024
请求异常00
2018-01-31 14:14:35:319
GET /setWords?words=%E7%99%BE%E5%BA%A6&sign=A6FBE3AF49BB2488E536302ED5B9228E HTTP/1.1
2018-01-31 14:14:35:321
%E7%99%BE%E5%BA%A6
2018-01-31 14:14:35:331
百度
2018-01-31 14:14:35:333
百度
2018-01-31 14:14:35:334
15173792753338503
2018-01-31 15:37:54:654
SQL-PC	172.16.0.63
2018-01-31 15:37:54:662
E:\MyFiles\java\projects\TtsServer_java\rootTts\tts\
2018-01-31 15:37:55:497
Accepting connections on port 8088
2018-01-31 15:38:01:866
SQL-PC	172.16.0.63
2018-01-31 15:38:01:873
E:\MyFiles\java\projects\TtsServer_java\rootTts\tts\
2018-01-31 15:38:01:879
Accepting connections on port 8089
2018-01-31 15:38:12:196
GET /setWords?words=%E7%99%BE%E5%BA%A6&sign=A6FBE3AF49BB2488E536302ED5B9228E HTTP/1.1
2018-01-31 15:38:12:197
%E7%99%BE%E5%BA%A6
2018-01-31 15:38:12:208
百度
2018-01-31 15:38:12:210
百度
2018-01-31 15:38:12:211
15173842922109905
2018-01-31 15:40:10:840
GET /tts/15173842922109905.mp3 HTTP/1.1
2018-01-31 15:40:10:842
15173842922109905
2018-01-31 15:40:11:327
GET /tts/15173842922109905.mp3 HTTP/1.1
2018-01-31 15:40:11:329
15173842922109905
2018-01-31 15:41:19:439
GET /setWords?words=%E7%99%BE%E5%BA%A6&sign=A6FBE3AF49BB2488E536302ED5B9228E HTTP/1.1
2018-01-31 15:41:19:441
%E7%99%BE%E5%BA%A6
2018-01-31 15:41:19:442
百度
2018-01-31 15:41:19:443
百度
2018-01-31 15:41:19:444
15173844794433743
2018-01-31 15:41:35:757
SQL-PC	172.16.0.63
2018-01-31 15:41:35:764
E:\MyFiles\java\projects\TtsServer_java\
2018-01-31 15:41:36:445
Accepting connections on port 8088
2018-01-31 15:41:48:593
SQL-PC	172.16.0.63
2018-01-31 15:41:48:601
E:\MyFiles\java\projects\TtsServer_java\
2018-01-31 15:41:48:608
Accepting connections on port 8089
2018-01-31 15:41:55:177
GET /setWords?words=%E7%99%BE%E5%BA%A6&sign=A6FBE3AF49BB2488E536302ED5B9228E HTTP/1.1
2018-01-31 15:41:55:186
%E7%99%BE%E5%BA%A6
2018-01-31 15:41:55:198
百度
2018-01-31 15:41:55:200
百度
2018-01-31 15:41:55:201
15173845152007989
2018-01-31 15:43:18:910
GET /tts/15173845152007989.mp3 HTTP/1.1
2018-01-31 15:43:18:911
15173845152007989
2018-01-31 15:43:19:360
GET /tts/15173845152007989.mp3 HTTP/1.1
2018-01-31 15:43:19:361
15173845152007989
2018-01-31 15:43:38:715
SQL-PC	172.16.0.63
2018-01-31 15:43:38:723
E:\MyFiles\java\projects\TtsServer_java\tts\
2018-01-31 15:43:39:411
Accepting connections on port 8088
2018-01-31 15:43:44:465
SQL-PC	172.16.0.63
2018-01-31 15:43:44:473
E:\MyFiles\java\projects\TtsServer_java\tts\
2018-01-31 15:43:44:483
Accepting connections on port 8089
2018-01-31 15:43:49:024
GET /setWords?words=%E7%99%BE%E5%BA%A6&sign=A6FBE3AF49BB2488E536302ED5B9228E HTTP/1.1
2018-01-31 15:43:49:026
%E7%99%BE%E5%BA%A6
2018-01-31 15:43:49:037
百度
2018-01-31 15:43:49:039
百度
2018-01-31 15:43:49:040
15173846290394415
2018-01-31 15:44:25:857
GET /tts/15173846290394415.mp3 HTTP/1.1
2018-01-31 15:44:25:859
15173846290394415
2018-01-31 15:44:26:327
GET /tts/15173846290394415.mp3 HTTP/1.1
2018-01-31 15:44:26:328
15173846290394415
2018-02-01 09:54:01:354
SQL-PC	172.16.0.63
2018-02-01 09:54:01:384
E:\MyFiles\java\projects\TtsServer_java\rootTts\tts\
2018-02-01 09:54:01:390
Accepting connections on port 8089
2018-02-01 09:54:45:371
GET /tts/15173842922109905.mp3 HTTP/1.1
2018-02-01 09:54:45:372
15173842922109905
2018-02-01 09:54:45:879
GET /tts/15173842922109905.mp3 HTTP/1.1
2018-02-01 09:54:45:880
15173842922109905
2018-02-01 09:54:53:156
GET /tts/1517384292219905.mp3 HTTP/1.1
2018-02-01 09:54:53:157
1517384292219905
2018-02-01 09:54:53:743
GET /favicon.ico HTTP/1.1
2018-02-01 09:54:53:744
请求异常00
2018-02-01 09:55:10:522
GET /tts/1517384292219905.mp3 HTTP/1.1
2018-02-01 09:55:10:525
1517384292219905
2018-02-01 09:55:11:035
GET /favicon.ico HTTP/1.1
2018-02-01 09:55:11:036
请求异常00
2018-02-01 09:55:15:302
GET /tts/1517384292219905.mp3 HTTP/1.1
2018-02-01 09:55:15:303
1517384292219905
2018-02-01 09:55:17:004
GET /favicon.ico HTTP/1.1
2018-02-01 09:55:17:006
请求异常00
2018-02-01 09:55:20:897
GET /tts/1517384292219905.mp3 HTTP/1.1
2018-02-01 09:55:20:898
1517384292219905
2018-02-01 09:55:21:342
GET /favicon.ico HTTP/1.1
2018-02-01 09:55:21:343
请求异常00
2018-02-01 09:56:55:121
SQL-PC	172.16.0.63
2018-02-01 09:56:55:128
E:\MyFiles\java\projects\TtsServer_java\rootTts\tts\
2018-02-01 09:56:55:135
Accepting connections on port 8089
2018-02-01 09:56:57:539
GET /tts/1517384292219905.mp3 HTTP/1.1
2018-02-01 09:56:57:540
1517384292219905
2018-02-01 09:57:08:770
GET /tts/15173842922109905.mp3 HTTP/1.1
2018-02-01 09:57:08:771
15173842922109905
2018-02-01 09:57:09:211
GET /tts/15173842922109905.mp3 HTTP/1.1
2018-02-01 09:57:09:213
15173842922109905
2018-02-01 09:57:34:169
GET /tts/15173842922109905.mp3 HTTP/1.1
2018-02-01 09:57:34:171
15173842922109905
2018-02-01 09:57:34:828
GET /tts/15173842922109905.mp3 HTTP/1.1
2018-02-01 09:57:34:829
15173842922109905
2018-02-01 09:58:24:904
GET /tts/1517384292219905.mp3 HTTP/1.1
2018-02-01 09:58:24:906
1517384292219905
2018-02-01 09:59:27:283
SQL-PC	172.16.0.63
2018-02-01 09:59:27:289
E:\MyFiles\java\projects\TtsServer_java\rootTts\tts\
2018-02-01 09:59:27:296
Accepting connections on port 8089
2018-02-01 09:59:30:263
GET /tts/1517384292219905.mp3 HTTP/1.1
2018-02-01 09:59:30:265
1517384292219905
2018-02-01 09:59:36:163
GET /tts/15173842909905.mp3 HTTP/1.1
2018-02-01 09:59:36:165
15173842909905
2018-02-01 09:59:45:512
GET /tts/15173842909905.mp3 HTTP/1.1
2018-02-01 09:59:45:514
15173842909905
2018-02-01 09:59:47:569
GET /tts/15173842909905.mp3 HTTP/1.1
2018-02-01 09:59:47:571
15173842909905
2018-02-01 10:01:39:594
SQL-PC	172.16.0.63
2018-02-01 10:01:39:605
E:\MyFiles\java\projects\TtsServer_java\rootTts\tts\
2018-02-01 10:01:39:612
Accepting connections on port 8089
2018-02-01 10:01:41:768
GET /tts/15173842909905.mp3 HTTP/1.1
2018-02-01 10:01:41:770
15173842909905
2018-02-01 10:04:34:017
GET /tts/15173842909905.mp3 HTTP/1.1
2018-02-01 10:04:34:018
15173842909905
2018-02-01 10:09:04:945
GET /tts/15173842909905.mp3 HTTP/1.1
2018-02-01 10:09:04:947
15173842909905
2018-02-01 10:09:23:102
GET /tts/15173842909905.mp3 HTTP/1.1
2018-02-01 10:09:23:104
15173842909905
2018-02-01 10:38:58:383
SQL-PC	172.16.0.63
2018-02-01 10:38:58:391
E:\MyFiles\java\projects\TtsServer_java\rootTts\tts\
2018-02-01 10:38:58:398
Accepting connections on port 8089
2018-02-01 10:39:00:935
GET /tts/15173842909905.mp3 HTTP/1.1
2018-02-01 10:39:00:937
15173842909905
2018-02-01 10:39:10:222
GET /tts/15173842909905.mp3 HTTP/1.1
2018-02-01 10:39:10:223
15173842909905
2018-02-01 10:40:07:554
GET /tts/15173842909905.mp3 HTTP/1.1
2018-02-01 10:40:07:555
15173842909905
2018-02-01 10:40:56:624
java.net.SocketException: Connection reset
2018-02-01 10:40:56:627
请求出错
2018-02-01 10:40:56:630
GET /tts/15173842909905.mp3 HTTP/1.1
2018-02-01 10:40:56:632
15173842909905
2018-02-01 10:40:56:634
GET /tts/15173842909905.mp3 HTTP/1.1
2018-02-01 10:40:56:635
15173842909905
2018-02-01 10:40:56:637

2018-02-01 10:40:56:639
请求异常01
2018-02-01 10:44:06:052
GET /tts/15173842909905.mp3 HTTP/1.1
2018-02-01 10:44:06:057
15173842909905
2018-02-01 10:44:22:276
SQL-PC	172.16.0.63
2018-02-01 10:44:22:284
E:\MyFiles\java\projects\TtsServer_java\rootTts\tts\
2018-02-01 10:44:22:311
Accepting connections on port 8089
2018-02-01 10:44:23:959
GET /tts/15173842909905.mp3 HTTP/1.1
2018-02-01 10:44:23:962
15173842909905
2018-02-01 10:44:36:757
GET /tts/15173842909905.mp3 HTTP/1.1
2018-02-01 10:44:36:758
15173842909905
2018-02-01 10:44:38:475
GET /tts/15173842909905.mp3 HTTP/1.1
2018-02-01 10:44:38:479
15173842909905
2018-02-01 10:44:39:950
GET /tts/15173842909905.mp3 HTTP/1.1
2018-02-01 10:44:39:951
15173842909905
2018-02-01 10:44:41:404
GET /tts/15173842909905.mp3 HTTP/1.1
2018-02-01 10:44:41:406
15173842909905
2018-02-01 10:44:42:640
GET /tts/15173842909905.mp3 HTTP/1.1
2018-02-01 10:44:42:642
15173842909905
2018-02-01 10:44:44:515
GET /tts/15173842909905.mp3 HTTP/1.1
2018-02-01 10:44:44:516
15173842909905
2018-02-01 10:44:45:600
GET /tts/15173842909905.mp3 HTTP/1.1
2018-02-01 10:44:45:601
15173842909905
2018-02-01 10:44:46:248
GET /tts/15173842909905.mp3 HTTP/1.1
2018-02-01 10:44:46:250
15173842909905
2018-02-01 10:44:56:528
GET /tts/15173842909905.mp3 HTTP/1.1
2018-02-01 10:44:56:530
15173842909905
2018-02-01 10:45:12:790
GET /tts/15173842909905.mp3 HTTP/1.1
2018-02-01 10:45:12:792
15173842909905
2018-02-01 12:07:43:252
SQL-PC	172.16.0.63
2018-02-01 12:07:43:261
E:\MyFiles\java\projects\TtsServer_java\rootTts\tts\
2018-02-01 12:07:43:269
Accepting connections on port 8089
2018-02-01 12:08:48:289
GET /tts/15173842922109905.mp3 HTTP/1.1
2018-02-01 12:08:48:290
15173842922109905
2018-02-01 12:08:48:769
GET /tts/15173842922109905.mp3 HTTP/1.1
2018-02-01 12:08:48:771
15173842922109905
2018-02-01 12:08:53:271
GET /tts/15173842922105.mp3 HTTP/1.1
2018-02-01 12:08:53:273
15173842922105
2018-02-01 17:06:00:579
SQL-PC	172.16.0.63
2018-02-01 17:06:00:610
E:\MyFiles\java\projects\TtsServer_java\rootTts\tts\
2018-02-01 17:06:02:019
Accepting connections on port 8088
2018-02-01 17:06:26:893
GET /setWords?words=%E7%99%BE%E5%BA%A6&sign=A6FBE3AF49BB2488E536302ED5B9228E HTTP/1.1
2018-02-01 17:06:26:894
%E7%99%BE%E5%BA%A6
2018-02-01 17:06:26:905
百度
2018-02-01 17:06:26:906
百度
2018-02-01 17:06:26:909
15174759869079025
2018-02-01 17:06:28:709
GET /favicon.ico HTTP/1.1
2018-02-01 17:06:28:711
请求异常GET /favicon.ico HTTP/1.1
2018-02-01 17:07:30:240
SQL-PC	172.16.0.63
2018-02-01 17:07:30:247
E:\MyFiles\java\projects\TtsServer_java\rootTts\tts\
2018-02-01 17:07:30:254
Accepting connections on port 8089
2018-02-01 17:07:35:844
GET /tts/15174759869079025.mp3 HTTP/1.1
2018-02-01 17:07:35:846
15174759869079025
2018-02-01 17:07:36:330
GET /tts/15174759869079025.mp3 HTTP/1.1
2018-02-01 17:07:36:332
15174759869079025
2018-02-01 17:07:40:166
GET /tts/15179869079025.mp3 HTTP/1.1
2018-02-01 17:07:40:167
15179869079025
