2018-01-03 15:20:40:200
SQL-PC	172.16.0.63
2018-01-03 15:20:40:202
E:\MyFiles\java\projects\TtsServer\src\
2018-01-03 15:20:40:229
Accepting connections on port 8088
2018-01-03 15:20:40:231
Data to be sent:
2018-01-03 15:21:01:285
%E7%8E%8B
2018-01-03 15:21:01:288
王
2018-01-03 15:22:02:272
exit
2018-01-03 15:22:08:089
SQL-PC	172.16.0.63
2018-01-03 15:22:08:092
E:\MyFiles\java\projects\TtsServer\src\
2018-01-03 15:22:08:118
Accepting connections on port 8088
2018-01-03 15:22:08:120
Data to be sent:
2018-01-03 15:22:09:999
%E7%8E%8B
2018-01-03 15:22:10:002
王
2018-01-03 15:22:17:576
exit
2018-01-03 15:22:49:705
SQL-PC	172.16.0.63
2018-01-03 15:22:49:708
E:\MyFiles\java\projects\TtsServer\src\
2018-01-03 15:22:49:736
Accepting connections on port 8088
2018-01-03 15:22:49:738
Data to be sent:
2018-01-03 15:22:52:184
%E7%8E%8B
2018-01-03 15:22:52:187
王
2018-01-03 15:23:11:776
exit
2018-01-03 15:23:15:452
SQL-PC	172.16.0.63
2018-01-03 15:23:15:455
E:\MyFiles\java\projects\TtsServer\src\
2018-01-03 15:23:15:480
Accepting connections on port 8088
2018-01-03 15:23:15:481
Data to be sent:
2018-01-03 15:23:17:531
%E7%8E%8B
2018-01-03 15:23:17:534
王
2018-01-03 15:23:54:656
exit
2018-01-03 15:23:57:670
SQL-PC	172.16.0.63
2018-01-03 15:23:57:676
E:\MyFiles\java\projects\TtsServer\src\
2018-01-03 15:23:57:718
Accepting connections on port 8088
2018-01-03 15:23:57:721
Data to be sent:
2018-01-03 15:23:59:579
%E7%8E%8B
2018-01-03 15:23:59:584
王
2018-01-03 15:25:06:672
exit
2018-01-03 15:25:20:771
SQL-PC	172.16.0.63
2018-01-03 15:25:20:775
E:\MyFiles\java\projects\TtsServer\src\
2018-01-03 15:25:20:803
Accepting connections on port 8088
2018-01-03 15:25:20:804
Data to be sent:
2018-01-03 15:25:29:293
%E7%8E%8B
2018-01-03 15:25:29:298
王
2018-01-03 15:27:38:184
exit
2018-01-03 15:27:41:202
SQL-PC	172.16.0.63
2018-01-03 15:27:41:205
E:\MyFiles\java\projects\TtsServer\src\
2018-01-03 15:27:41:258
Accepting connections on port 8088
2018-01-03 15:27:41:262
Data to be sent:
2018-01-03 15:27:43:185
%E7%8E%8B
2018-01-03 15:27:43:188
王
2018-01-03 15:30:17:749
exit
2018-01-03 15:30:21:255
SQL-PC	172.16.0.63
2018-01-03 15:30:21:258
E:\MyFiles\java\projects\TtsServer\src\
2018-01-03 15:30:21:285
Accepting connections on port 8088
2018-01-03 15:30:21:286
Data to be sent:
2018-01-03 15:30:23:715
%E7%8E%8B
2018-01-03 15:30:23:719
王
2018-01-03 15:34:29:380
exit
2018-01-03 15:34:33:161
SQL-PC	172.16.0.63
2018-01-03 15:34:33:164
E:\MyFiles\java\projects\TtsServer\src\
2018-01-03 15:34:33:801
Accepting connections on port 8088
2018-01-03 15:34:33:802
Data to be sent:
2018-01-03 15:34:39:607
%E7%8E%8B
2018-01-03 15:34:39:609
王
2018-01-03 15:34:40:454
%E7%8E%8B
2018-01-03 15:34:40:457
王
2018-01-03 15:35:00:139
exit
2018-01-03 15:35:02:606
SQL-PC	172.16.0.63
2018-01-03 15:35:02:609
E:\MyFiles\java\projects\TtsServer\src\
2018-01-03 15:35:02:964
Accepting connections on port 8088
2018-01-03 15:35:02:966
Data to be sent:
2018-01-03 15:35:06:284
exit
2018-01-03 15:35:10:047
SQL-PC	172.16.0.63
2018-01-03 15:35:10:051
E:\MyFiles\java\projects\TtsServer\src\
2018-01-03 15:35:10:435
Accepting connections on port 8088
2018-01-03 15:35:10:437
Data to be sent:
2018-01-03 15:35:12:409
%E7%8E%8B
2018-01-03 15:35:12:412
王
2018-01-03 15:35:12:807
%E7%8E%8B
2018-01-03 15:35:12:811
王
2018-01-03 15:35:17:212
exit
2018-01-03 15:39:47:643
SQL-PC	172.16.0.63
2018-01-03 15:39:47:646
E:\MyFiles\java\projects\TtsServer\src\
2018-01-03 15:39:48:195
Accepting connections on port 8088
2018-01-03 15:39:48:196
Data to be sent:
2018-01-03 15:39:58:815

2018-01-03 15:39:58:818

2018-01-03 15:40:16:608
exit
2018-01-03 15:41:42:414
SQL-PC	172.16.0.63
2018-01-03 15:41:42:417
E:\MyFiles\java\projects\TtsServer\src\
2018-01-03 15:41:42:778
Accepting connections on port 8088
2018-01-03 15:41:42:779
Data to be sent:
2018-01-03 15:41:45:075
%E7%8E%8B
2018-01-03 15:41:45:077
王
2018-01-03 15:41:45:517
%E7%8E%8B
2018-01-03 15:41:45:520
王
2018-01-03 15:41:48:669
姹瀛
2018-01-03 15:41:48:671
姹瀛
2018-01-03 15:41:53:603
%E6%B1%89%E5%AD%90
2018-01-03 15:41:53:604
汉子
2018-01-03 15:41:53:937
%E6%B1%89%E5%AD%90
2018-01-03 15:41:53:938
汉子
2018-01-03 15:43:59:279
请求异常
2018-01-03 15:43:59:281
%E6%B1%89%E5%AD%90
2018-01-03 15:43:59:283
汉子
2018-01-03 15:43:59:310
请求异常
2018-01-03 15:43:59:312
请求异常
2018-01-03 15:43:59:314
%E6%B1%89%E5%AD%90
2018-01-03 15:43:59:315
汉子
2018-01-03 15:43:59:358
%E6%B1%89%E5%AD%90
2018-01-03 15:43:59:359
汉子
2018-01-03 15:44:36:275
请求异常
2018-01-03 15:44:36:277
璇锋缈缇や缇ょ?
2018-01-03 15:44:36:279
璇锋缈缇や缇ょ?
2018-01-03 15:44:36:739
音频文件生成异常
2018-01-03 15:44:36:740
it.sauronsoftware.jave.InputFormatException
2018-01-03 15:44:36:743
java.io.FileNotFoundException: E:\MyFiles\java\projects\TtsServer\src\璇锋缈缇や缇ょ?.mp3 (系统找不到指定的文件。)
2018-01-03 15:44:36:746
%E6%B1%89%E5%AD%90
2018-01-03 15:44:36:748
汉子
2018-01-03 15:44:36:794
%E6%B1%89%E5%AD%90
2018-01-03 15:44:36:795
汉子
2018-01-03 15:45:17:037
请求异常
2018-01-03 15:46:13:191
璇锋缈缇や缇ょ?
2018-01-03 15:46:13:194
璇锋缈缇や缇ょ?
2018-01-03 15:46:13:813
音频文件生成异常
2018-01-03 15:46:13:815
it.sauronsoftware.jave.InputFormatException
2018-01-03 15:46:13:818
java.io.FileNotFoundException: E:\MyFiles\java\projects\TtsServer\src\璇锋缈缇や缇ょ?.mp3 (系统找不到指定的文件。)
2018-01-03 15:46:24:925
%E8%AF%B7%E6%B1%82%E7%BF%81%E7%BE%A4%E4%BA%8C%E7%BE%A4%E7%BF%81
2018-01-03 15:46:24:928
请求翁群二群翁
2018-01-03 15:46:25:436
%E8%AF%B7%E6%B1%82%E7%BF%81%E7%BE%A4%E4%BA%8C%E7%BE%A4%E7%BF%81
2018-01-03 15:46:25:438
请求翁群二群翁
2018-01-03 15:47:00:702
请求异常
2018-01-03 15:47:32:536
璇锋缈缇や缇ょ?
2018-01-03 15:47:32:538
璇锋缈缇や缇ょ?
2018-01-03 15:47:33:022
音频文件生成异常
2018-01-03 15:47:33:024
it.sauronsoftware.jave.InputFormatException
2018-01-03 15:47:33:026
java.io.FileNotFoundException: E:\MyFiles\java\projects\TtsServer\src\璇锋缈缇や缇ょ?.mp3 (系统找不到指定的文件。)
2018-01-03 15:47:40:442
%E8%AF%B7%E6%B1%82%E7%BF%81%E7%BE%A4%E4%BA%8C%E7%BE%A4%E7%BF%81
2018-01-03 15:47:40:446
请求翁群二群翁
2018-01-03 15:47:40:523
%E8%AF%B7%E6%B1%82%E7%BF%81%E7%BE%A4%E4%BA%8C%E7%BE%A4%E7%BF%81
2018-01-03 15:47:40:526
请求翁群二群翁
2018-01-03 15:50:01:424
请求异常
2018-01-03 15:50:01:448
java.net.SocketException: Connection reset
2018-01-03 15:50:01:450
请求出错
2018-01-03 15:50:01:451
java.net.SocketException: Connection reset
2018-01-03 15:50:01:453
请求出错
2018-01-03 15:50:01:455
?name=%E8%AF%B7%E6%B1%82%E7%BF%81%E7%BE%A4%E4%BA%8C%E7%BE%A4%E7%BF%81
2018-01-03 15:50:01:458
?name=请求翁群二群翁
2018-01-03 15:50:01:461
请求中包含非法字符
2018-01-03 15:50:01:481
?name=%E8%AF%B7%E6%B1%82%E7%BF%81%E7%BE%A4%E4%BA%8C%E7%BE%A4%E7%BF%81
2018-01-03 15:50:01:484
?name=请求翁群二群翁
2018-01-03 15:50:01:487
请求中包含非法字符
2018-01-03 15:50:07:784
?name=%E8%AF%B7%E6%B1%82%E7%BF%81%E7%BE%A4%E4%BA%8C%E7%BE%A4%E7%BF%81
2018-01-03 15:50:07:787
?name=请求翁群二群翁
2018-01-03 15:50:07:790
请求中包含非法字符
2018-01-03 15:50:07:817
?name=%E8%AF%B7%E6%B1%82%E7%BF%81%E7%BE%A4%E4%BA%8C%E7%BE%A4%E7%BF%81
2018-01-03 15:50:07:820
?name=请求翁群二群翁
2018-01-03 15:50:07:823
请求中包含非法字符
2018-01-03 15:50:08:525
?name=%E8%AF%B7%E6%B1%82%E7%BF%81%E7%BE%A4%E4%BA%8C%E7%BE%A4%E7%BF%81
2018-01-03 15:50:08:529
?name=请求翁群二群翁
2018-01-03 15:50:08:532
请求中包含非法字符
2018-01-03 15:50:08:555
?name=%E8%AF%B7%E6%B1%82%E7%BF%81%E7%BE%A4%E4%BA%8C%E7%BE%A4%E7%BF%81
2018-01-03 15:50:08:557
?name=请求翁群二群翁
2018-01-03 15:50:08:561
请求中包含非法字符
2018-01-03 15:50:24:421
exit
2018-01-03 15:50:28:861
SQL-PC	172.16.0.63
2018-01-03 15:50:28:864
E:\MyFiles\java\projects\TtsServer\src\
2018-01-03 15:50:29:352
Accepting connections on port 8088
2018-01-03 15:50:29:354
Data to be sent:
2018-01-03 15:51:51:040
name=%E8%AF%B7%E6%B1%82%E7%BF%81%E7%BE%A4%E4%BA%8C%E7%BE%A4%E7%BF%81
2018-01-03 15:51:51:043
name=请求翁群二群翁
2018-01-03 15:53:10:104
name=%E8%AF%B7%E6%B1%82%E7%BF%81%E7%BE%A4%E4%BA%8C%E7%BE%A4%E7%BF%81
2018-01-03 15:53:10:107
name=请求翁群二群翁
2018-01-03 15:54:47:024
?name=%E8%AF%B7%E6%B1%82%E7%BF%81%E7%BE%A4%E4%BA%8C%E7%BE%A4%E7%BF%81
2018-01-03 15:54:47:028
?name=请求翁群二群翁
2018-01-03 15:54:47:030
请求中包含非法字符
2018-01-03 15:54:50:014
?name=%E8%AF%B7%E6%B1%82%E7%BF%81%E7%BE%A4%E4%BA%8C%E7%BE%A4%E7%BF%81
2018-01-03 15:54:50:016
?name=请求翁群二群翁
2018-01-03 15:54:50:018
请求中包含非法字符
2018-01-03 15:54:51:566
?name=%E8%AF%B7%E6%B1%82%E7%BF%81%E7%BE%A4%E4%BA%8C%E7%BE%A4%E7%BF%81
2018-01-03 15:54:51:569
?name=请求翁群二群翁
2018-01-03 15:54:51:572
请求中包含非法字符
2018-01-03 15:54:51:597
?name=%E8%AF%B7%E6%B1%82%E7%BF%81%E7%BE%A4%E4%BA%8C%E7%BE%A4%E7%BF%81
2018-01-03 15:54:51:600
?name=请求翁群二群翁
2018-01-03 15:54:51:602
请求中包含非法字符
2018-01-03 15:55:00:285
?name=%E8%AF%B7%E6%B1%82%E7%BF%81%E7%BE%A4%E4%BA%8C%E7%BE%A4%E7%BF%81
2018-01-03 15:55:00:288
?name=请求翁群二群翁
2018-01-03 15:55:00:290
请求中包含非法字符
2018-01-03 15:55:00:321
?name=%E8%AF%B7%E6%B1%82%E7%BF%81%E7%BE%A4%E4%BA%8C%E7%BE%A4%E7%BF%81
2018-01-03 15:55:00:325
?name=请求翁群二群翁
2018-01-03 15:55:00:327
请求中包含非法字符
2018-01-03 15:55:06:147
%E8%AF%B7%E6%B1%82%E7%BF%81%E7%BE%A4%E4%BA%8C%E7%BE%A4%E7%BF%81
2018-01-03 15:55:06:149
请求翁群二群翁
2018-01-03 15:55:25:859
请求异常
2018-01-03 15:55:25:862
%E8%AF%B7%E6%B1%82%E7%BF%81%E7%BE%A4%E4%BA%8C%E7%BE%A4%E7%BF%81
2018-01-03 15:55:25:867
请求翁群二群翁
2018-01-03 15:55:25:918
name=%E8%AF%B7%E6%B1%82%E7%BF%81%E7%BE%A4%E4%BA%8C%E7%BE%A4%E7%BF%81
2018-01-03 15:55:25:921
name=请求翁群二群翁
2018-01-03 15:55:26:097
name=%E8%AF%B7%E6%B1%82%E7%BF%81%E7%BE%A4%E4%BA%8C%E7%BE%A4%E7%BF%81
2018-01-03 15:55:26:100
name=请求翁群二群翁
2018-01-03 15:56:33:517
name=%E8%AF%B7%E6%B1%82%E7%BF%81%E7%BE%A4%E4%BA%8C%E7%BE%A4%E7%BF%81
2018-01-03 15:56:33:519
name=请求翁群二群翁
2018-01-03 15:57:06:702
name=&id=idid
2018-01-03 15:57:06:703
name=&id=idid
2018-01-03 15:57:17:484
name=%E5%A8%83%E5%84%BF%E5%BE%AE%E5%BE%AE&id=idid
2018-01-03 15:57:17:488
name=娃儿微微&id=idid
2018-01-03 15:58:47:418
exit
2018-01-03 15:58:51:300
SQL-PC	172.16.0.63
2018-01-03 15:58:51:303
E:\MyFiles\java\projects\TtsServer\src\
2018-01-03 15:58:51:746
Accepting connections on port 8088
2018-01-03 15:58:51:748
Data to be sent:
2018-01-03 15:58:56:459
=%E8%AF%B7%E6%B1%82%E7%BF%81%E7%BE%A4%E4%BA%8C%E7%BE%A4%E7%BF%81
2018-01-03 15:58:56:466
=请求翁群二群翁
2018-01-03 15:58:59:446
=%E8%AF%B7%E6%B1%82%E7%BF%81%E7%BE%A4%E4%BA%8C%E7%BE%A4%E7%BF%81
2018-01-03 15:58:59:451
=请求翁群二群翁
2018-01-03 15:59:05:724
=%E8%AF%B7%E6%B1%82%E7%BF%81%E7%BE%A4%E4%BA%8C%E7%BE%A4%E7%BF%81
2018-01-03 15:59:05:727
=请求翁群二群翁
2018-01-03 15:59:05:787
=%E8%AF%B7%E6%B1%82%E7%BF%81%E7%BE%A4%E4%BA%8C%E7%BE%A4%E7%BF%81
2018-01-03 15:59:05:790
=请求翁群二群翁
2018-01-03 15:59:08:793
exit
2018-01-03 15:59:12:751
SQL-PC	172.16.0.63
2018-01-03 15:59:12:754
E:\MyFiles\java\projects\TtsServer\src\
2018-01-03 15:59:13:156
Accepting connections on port 8088
2018-01-03 15:59:13:158
Data to be sent:
2018-01-03 15:59:15:739
%E6%B0%B4%E7%94%B5%E8%B4%B9&id=idid
2018-01-03 15:59:15:742
水电费&id=idid
2018-01-03 15:59:23:573
%E8%AF%B7%E6%B1%82%E7%BF%81%E7%BE%A4%E4%BA%8C%E7%BE%A4%E7%BF%81
2018-01-03 15:59:23:576
请求翁群二群翁
2018-01-03 15:59:23:638
%E8%AF%B7%E6%B1%82%E7%BF%81%E7%BE%A4%E4%BA%8C%E7%BE%A4%E7%BF%81
2018-01-03 15:59:23:641
请求翁群二群翁
2018-01-03 16:01:35:412
请求异常
2018-01-03 16:02:01:185
exit
2018-01-03 16:02:05:218
SQL-PC	172.16.0.63
2018-01-03 16:02:05:220
E:\MyFiles\java\projects\TtsServer\src\
2018-01-03 16:02:05:699
Accepting connections on port 8088
2018-01-03 16:02:05:701
Data to be sent:
2018-01-03 16:02:08:357
%E7%8E%8B
2018-01-03 16:02:08:362
王
2018-01-03 16:02:08:802
%E7%8E%8B
2018-01-03 16:02:08:804
王
2018-01-03 16:02:10:889
%E7%8E%8B
2018-01-03 16:02:10:893
王
2018-01-03 16:02:20:696
%E7%8E%8B%E5%85%89%E6%98%A5
2018-01-03 16:02:20:698
王光春
2018-01-03 16:02:21:694
%E7%8E%8B%E5%85%89%E6%98%A5
2018-01-03 16:02:21:696
王光春
2018-01-03 16:02:22:825
%E7%8E%8B%E5%85%89%E6%98%A5
2018-01-03 16:02:22:827
王光春
2018-01-03 16:02:37:554
%E7%8E%8B%E5%85%89%E6%98%A5
2018-01-03 16:02:37:557
王光春
2018-01-03 16:02:38:104
%E7%8E%8B%E5%85%89%E6%98%A5
2018-01-03 16:02:38:111
王光春
2018-01-03 16:02:42:504
%E7%8E%8B
2018-01-03 16:02:42:506
王
2018-01-03 16:02:42:918
%E7%8E%8B
2018-01-03 16:02:42:919
王
2018-01-03 16:02:44:750
%E7%8E%8B
2018-01-03 16:02:44:752
王
2018-01-03 16:02:45:133
%E7%8E%8B
2018-01-03 16:02:45:135
王
2018-01-03 16:04:00:167
%E8%A1%8C
2018-01-03 16:04:00:172
行
2018-01-03 16:04:00:915
%E8%A1%8C
2018-01-03 16:04:00:916
行
2018-01-03 16:04:12:379
%E9%93%B6%E8%A1%8C
2018-01-03 16:04:12:381
银行
2018-01-03 16:04:13:119
%E9%93%B6%E8%A1%8C
2018-01-03 16:04:13:122
银行
2018-01-03 16:04:24:453
%E8%A1%8C%E8%B5%B0
2018-01-03 16:04:24:455
行走
2018-01-03 16:04:25:326
%E8%A1%8C%E8%B5%B0
2018-01-03 16:04:25:329
行走
2018-01-03 16:06:23:118
exit
2018-01-03 16:06:26:105
SQL-PC	172.16.0.63
2018-01-03 16:06:26:109
E:\MyFiles\java\projects\TtsServer\src\
2018-01-03 16:06:26:593
Accepting connections on port 8088
2018-01-03 16:06:26:594
Data to be sent:
2018-01-03 16:06:28:264
%E8%A1%8C%E8%B5%B0
2018-01-03 16:06:28:266
行走
2018-01-03 16:06:28:665
%E8%A1%8C%E8%B5%B0
2018-01-03 16:06:28:668
行走
2018-01-03 16:06:32:059
%E7%8E%8B
2018-01-03 16:06:32:061
王
2018-01-03 16:06:32:449
%E7%8E%8B
2018-01-03 16:06:32:451
王
2018-01-03 16:06:34:389
%E7%8E%8B%E5%85%89%E6%98%A5
2018-01-03 16:06:34:394
王光春
2018-01-03 16:06:34:753
%E7%8E%8B%E5%85%89%E6%98%A5
2018-01-03 16:06:34:756
王光春
2018-01-03 16:06:39:421
%E7%8E%8B%E5%85%89%E6%98%A5
2018-01-03 16:06:39:425
王光春
2018-01-03 16:06:39:689
%E7%8E%8B%E5%85%89%E6%98%A5
2018-01-03 16:06:39:692
王光春
2018-01-03 16:11:26:476
%E7%8E%8B
2018-01-03 16:11:26:477
王
2018-01-03 16:11:26:862
%E7%8E%8B
2018-01-03 16:11:26:863
王
2018-01-03 16:11:35:363
%E9%98%BF%E6%96%AF%E9%A1%BF%E5%8F%91%E7%94%9F%E5%A4%A7%E4%BA%8B%E7%9A%84%E5%8F%91%E7%94%9F%E7%9A%84%E5%8F%91%E7%94%9F%E7%9A%84%E5%8F%91%E7%94%9F%E5%8F%91%E9%80%81%E5%88%B0%E5%8F%91%E9%80%81%E5%88%B0%E5%8F%91%E9%80%81%E5%88%B0%E5%8F%91%E9%80%81%E5%88%B0%E5%8F%91%E9%80%81%E5%88%B0%E5%88%86
2018-01-03 16:11:35:370
阿斯顿发生大事的发生的发生的发生发送到发送到发送到发送到发送到分
2018-01-03 16:11:36:953
%E9%98%BF%E6%96%AF%E9%A1%BF%E5%8F%91%E7%94%9F%E5%A4%A7%E4%BA%8B%E7%9A%84%E5%8F%91%E7%94%9F%E7%9A%84%E5%8F%91%E7%94%9F%E7%9A%84%E5%8F%91%E7%94%9F%E5%8F%91%E9%80%81%E5%88%B0%E5%8F%91%E9%80%81%E5%88%B0%E5%8F%91%E9%80%81%E5%88%B0%E5%8F%91%E9%80%81%E5%88%B0%E5%8F%91%E9%80%81%E5%88%B0%E5%88%86
2018-01-03 16:11:36:959
阿斯顿发生大事的发生的发生的发生发送到发送到发送到发送到发送到分
2018-01-03 16:14:23:953
%E9%98%BF%E6%96%AF%E9%A1%BF%E5%8F%91%E7%94%9F%E5%A4%A7%E4%BA%8B%E7%9A%84%E5%8F%91%E7%94%9F%E7%9A%84%E5%8F%91%E7%94%9F%E7%9A%84%E5%8F%91%E7%94%9F%E5%8F%91%E9%80%81%E5%88%B0%E5%8F%91%E9%80%81%E5%88%B0%E5%8F%91%E9%80%81%E5%88%B0%E5%8F%91%E9%80%81%E5%88%B0%E5%8F%91%E9%80%81%E5%88%B0%E5%88%86
2018-01-03 16:14:23:958
阿斯顿发生大事的发生的发生的发生发送到发送到发送到发送到发送到分
2018-01-03 16:14:24:503
%E9%98%BF%E6%96%AF%E9%A1%BF%E5%8F%91%E7%94%9F%E5%A4%A7%E4%BA%8B%E7%9A%84%E5%8F%91%E7%94%9F%E7%9A%84%E5%8F%91%E7%94%9F%E7%9A%84%E5%8F%91%E7%94%9F%E5%8F%91%E9%80%81%E5%88%B0%E5%8F%91%E9%80%81%E5%88%B0%E5%8F%91%E9%80%81%E5%88%B0%E5%8F%91%E9%80%81%E5%88%B0%E5%8F%91%E9%80%81%E5%88%B0%E5%88%86
2018-01-03 16:14:24:505
阿斯顿发生大事的发生的发生的发生发送到发送到发送到发送到发送到分
2018-01-03 16:14:41:842
fasdf?
2018-01-03 16:14:41:844
fasdf?
2018-01-03 16:14:41:846
请求中包含非法字符
2018-01-03 16:14:42:196
fasdf?
2018-01-03 16:14:42:199
fasdf?
2018-01-03 16:14:42:202
请求中包含非法字符
2018-01-03 16:17:22:008
%E8%AF%B7%E6%B1%82%E7%BF%81%E7%BE%A4%E4%BA%8C%E7%BE%A4%E7%BF%81%EF%BC%9F
2018-01-03 16:17:22:010
请求翁群二群翁？
2018-01-03 16:17:22:011
请求中包含非法字符
2018-01-03 16:17:25:006
%E8%AF%B7%E6%B1%82%E7%BF%81%E7%BE%A4%E4%BA%8C%E7%BE%A4%E7%BF%81%EF%BC%9F
2018-01-03 16:17:25:008
请求翁群二群翁？
2018-01-03 16:17:25:010
请求中包含非法字符
2018-01-03 16:18:45:593
exit
2018-01-03 16:18:49:199
SQL-PC	172.16.0.63
2018-01-03 16:18:49:202
E:\MyFiles\java\projects\TtsServer\src\
2018-01-03 16:18:49:670
Accepting connections on port 8088
2018-01-03 16:18:49:672
Data to be sent:
2018-01-03 16:18:55:231
fasdf?
2018-01-03 16:18:55:234
fasdf?
2018-01-03 16:18:55:235
请求中包含非法字符
2018-01-03 16:18:55:840
favicon.ico
2018-01-03 16:18:55:841
favicon.ico
2018-01-03 16:19:02:827
%E8%AF%B7%E6%B1%82%E7%BF%81%E7%BE%A4%E4%BA%8C%E7%BE%A4%E7%BF%81%EF%BC%9F
2018-01-03 16:19:02:829
请求翁群二群翁？
2018-01-03 16:19:02:831
请求中包含非法字符
2018-01-03 16:19:02:942
favicon.ico
2018-01-03 16:19:02:944
favicon.ico
2018-01-03 16:19:11:795
%E8%AF%B7%E6%B1%82%E7%BF%81%E7%BE%A4%E4%BA%8C%E7%BE%A4%E7%BF%81%EF%BC%9F
2018-01-03 16:19:11:799
请求翁群二群翁？
2018-01-03 16:19:11:802
请求中包含非法字符
2018-01-03 16:19:11:821
favicon.ico
2018-01-03 16:19:11:823
favicon.ico
2018-01-03 16:19:12:423
%E8%AF%B7%E6%B1%82%E7%BF%81%E7%BE%A4%E4%BA%8C%E7%BE%A4%E7%BF%81%EF%BC%9F
2018-01-03 16:19:12:426
请求翁群二群翁？
2018-01-03 16:19:12:429
请求中包含非法字符
2018-01-03 16:19:12:459
favicon.ico
2018-01-03 16:19:12:461
favicon.ico
2018-01-03 16:19:12:895
%E8%AF%B7%E6%B1%82%E7%BF%81%E7%BE%A4%E4%BA%8C%E7%BE%A4%E7%BF%81%EF%BC%9F
2018-01-03 16:19:12:899
请求翁群二群翁？
2018-01-03 16:19:12:902
请求中包含非法字符
2018-01-03 16:19:12:937
favicon.ico
2018-01-03 16:19:12:938
favicon.ico
2018-01-03 16:19:13:287
%E8%AF%B7%E6%B1%82%E7%BF%81%E7%BE%A4%E4%BA%8C%E7%BE%A4%E7%BF%81%EF%BC%9F
2018-01-03 16:19:13:290
请求翁群二群翁？
2018-01-03 16:19:13:293
请求中包含非法字符
2018-01-03 16:19:13:320
favicon.ico
2018-01-03 16:19:13:322
favicon.ico
2018-01-03 16:19:13:554
%E8%AF%B7%E6%B1%82%E7%BF%81%E7%BE%A4%E4%BA%8C%E7%BE%A4%E7%BF%81%EF%BC%9F
2018-01-03 16:19:13:558
请求翁群二群翁？
2018-01-03 16:19:13:562
请求中包含非法字符
2018-01-03 16:19:13:589
favicon.ico
2018-01-03 16:19:13:591
favicon.ico
2018-01-03 16:19:13:848
%E8%AF%B7%E6%B1%82%E7%BF%81%E7%BE%A4%E4%BA%8C%E7%BE%A4%E7%BF%81%EF%BC%9F
2018-01-03 16:19:13:853
请求翁群二群翁？
2018-01-03 16:19:13:855
请求中包含非法字符
2018-01-03 16:19:13:886
favicon.ico
2018-01-03 16:19:13:887
favicon.ico
2018-01-03 16:20:27:329
请求异常
2018-01-03 16:20:27:334
请求异常
2018-01-03 16:20:27:353
请求异常
2018-01-03 16:20:43:984
asd?
2018-01-03 16:20:43:987
asd?
2018-01-03 16:20:43:990
请求中包含非法字符
2018-01-03 16:20:44:560
favicon.ico
2018-01-03 16:20:44:562
favicon.ico
2018-01-03 16:21:45:400
exit
2018-01-03 16:21:48:086
SQL-PC	172.16.0.63
2018-01-03 16:21:48:088
E:\MyFiles\java\projects\TtsServer\src\
2018-01-03 16:21:48:548
Accepting connections on port 8088
2018-01-03 16:21:48:549
Data to be sent:
2018-01-03 16:21:50:166
asd?
2018-01-03 16:21:50:169
asd?
2018-01-03 16:21:50:171
请求中包含非法字符
2018-01-03 16:21:50:248
favicon.ico
2018-01-03 16:21:50:250
favicon.ico
2018-01-03 16:22:24:070
请求异常
2018-01-03 16:22:24:073
请求异常
2018-01-03 16:22:24:075
fasdf?
2018-01-03 16:22:24:078
fasdf?
2018-01-03 16:22:24:081
请求中包含非法字符
2018-01-03 16:22:24:085
fasdf?
2018-01-03 16:22:24:087
fasdf?
2018-01-03 16:22:24:090
请求中包含非法字符
2018-01-03 16:22:24:504
favicon.ico
2018-01-03 16:22:24:507
favicon.ico
2018-01-03 16:22:27:608
exit
2018-01-03 16:22:38:514
SQL-PC	172.16.0.63
2018-01-03 16:22:38:518
E:\MyFiles\java\projects\TtsServer\src\
2018-01-03 16:22:38:893
Accepting connections on port 8088
2018-01-03 16:22:38:895
Data to be sent:
2018-01-03 16:22:40:280
fasdf?
2018-01-03 16:22:40:287
fasdf?
2018-01-03 16:22:40:291
请求中包含非法字符
2018-01-03 16:22:41:339
favicon.ico
2018-01-03 16:22:41:341
favicon.ico
2018-01-03 16:22:43:960
asd?
2018-01-03 16:22:43:963
asd?
2018-01-03 16:22:43:975
请求中包含非法字符
2018-01-03 16:22:44:049
favicon.ico
2018-01-03 16:22:44:051
favicon.ico
2018-01-03 16:22:45:341
asd?
2018-01-03 16:22:45:343
asd?
2018-01-03 16:22:45:345
请求中包含非法字符
2018-01-03 16:22:45:396
favicon.ico
2018-01-03 16:22:45:398
favicon.ico
2018-01-03 16:23:03:231
请求异常
2018-01-03 16:23:40:817
exit
2018-01-03 16:23:43:208
SQL-PC	172.16.0.63
2018-01-03 16:23:43:210
E:\MyFiles\java\projects\TtsServer\src\
2018-01-03 16:23:43:572
Accepting connections on port 8088
2018-01-03 16:23:43:574
Data to be sent:
2018-01-03 16:23:44:517
fasdf?
2018-01-03 16:23:44:522
fasdf?
2018-01-03 16:23:44:534
请求中包含非法字符
2018-01-03 16:23:45:001
favicon.ico
2018-01-03 16:23:45:003
favicon.ico
2018-01-03 16:24:01:536
exit
2018-01-03 16:24:04:656
SQL-PC	172.16.0.63
2018-01-03 16:24:04:659
E:\MyFiles\java\projects\TtsServer\src\
2018-01-03 16:24:05:126
Accepting connections on port 8088
2018-01-03 16:24:05:128
Data to be sent:
2018-01-03 16:24:06:591
fasdf?
2018-01-03 16:24:06:594
fasdf?
2018-01-03 16:24:06:599
请求中包含非法字符
2018-01-03 16:24:07:021
favicon.ico
2018-01-03 16:24:07:023
favicon.ico
2018-01-03 16:24:25:007
exit
2018-01-03 16:24:26:542
SQL-PC	172.16.0.63
2018-01-03 16:24:26:545
E:\MyFiles\java\projects\TtsServer\src\
2018-01-03 16:24:26:975
Accepting connections on port 8088
2018-01-03 16:24:26:981
Data to be sent:
2018-01-03 16:24:29:415
exit
2018-01-03 16:24:32:156
SQL-PC	172.16.0.63
2018-01-03 16:24:32:159
E:\MyFiles\java\projects\TtsServer\src\
2018-01-03 16:24:32:552
Accepting connections on port 8088
2018-01-03 16:24:32:554
Data to be sent:
2018-01-03 16:24:33:310
fasdf?
2018-01-03 16:24:33:313
fasdf?
2018-01-03 16:24:33:316
请求中包含非法字符
2018-01-03 16:24:33:864
favicon.ico
2018-01-03 16:24:33:867
favicon.ico
2018-01-03 16:24:35:654
asd?
2018-01-03 16:24:35:657
asd?
2018-01-03 16:24:35:660
请求中包含非法字符
2018-01-03 16:24:35:740
favicon.ico
2018-01-03 16:24:35:741
favicon.ico
2018-01-03 16:24:36:722
asd?
2018-01-03 16:24:36:724
asd?
2018-01-03 16:24:36:726
请求中包含非法字符
2018-01-03 16:24:36:775
favicon.ico
2018-01-03 16:24:36:777
favicon.ico
2018-01-03 16:24:37:211
asd?
2018-01-03 16:24:37:214
asd?
2018-01-03 16:24:37:218
请求中包含非法字符
2018-01-03 16:24:37:276
favicon.ico
2018-01-03 16:24:37:279
favicon.ico
2018-01-03 16:24:37:530
asd?
2018-01-03 16:24:37:533
asd?
2018-01-03 16:24:37:535
请求中包含非法字符
2018-01-03 16:24:37:584
favicon.ico
2018-01-03 16:24:37:586
favicon.ico
2018-01-03 16:24:37:738
asd?
2018-01-03 16:24:37:741
asd?
2018-01-03 16:24:37:743
请求中包含非法字符
2018-01-03 16:24:37:791
favicon.ico
2018-01-03 16:24:37:792
favicon.ico
2018-01-03 16:24:37:898
asd?
2018-01-03 16:24:37:900
asd?
2018-01-03 16:24:37:902
请求中包含非法字符
2018-01-03 16:24:37:951
favicon.ico
2018-01-03 16:24:37:954
favicon.ico
2018-01-03 16:24:38:082
asd?
2018-01-03 16:24:38:085
asd?
2018-01-03 16:24:38:088
请求中包含非法字符
2018-01-03 16:24:38:137
favicon.ico
2018-01-03 16:24:38:139
favicon.ico
2018-01-03 16:24:38:298
asd?
2018-01-03 16:24:38:300
asd?
2018-01-03 16:24:38:302
请求中包含非法字符
2018-01-03 16:24:38:349
favicon.ico
2018-01-03 16:24:38:350
favicon.ico
2018-01-03 16:24:38:570
asd?
2018-01-03 16:24:38:573
asd?
2018-01-03 16:24:38:575
请求中包含非法字符
2018-01-03 16:24:38:618
favicon.ico
2018-01-03 16:24:38:621
favicon.ico
2018-01-03 16:24:38:921
asd?
2018-01-03 16:24:38:923
asd?
2018-01-03 16:24:38:926
请求中包含非法字符
2018-01-03 16:24:38:970
favicon.ico
2018-01-03 16:24:38:972
favicon.ico
2018-01-03 16:24:39:290
asd?
2018-01-03 16:24:39:292
asd?
2018-01-03 16:24:39:293
请求中包含非法字符
2018-01-03 16:24:39:339
favicon.ico
2018-01-03 16:24:39:342
favicon.ico
2018-01-03 16:24:39:717
asd?
2018-01-03 16:24:39:720
asd?
2018-01-03 16:24:39:724
请求中包含非法字符
2018-01-03 16:24:39:776
favicon.ico
2018-01-03 16:24:39:778
favicon.ico
2018-01-03 16:24:40:115
asd?
2018-01-03 16:24:40:118
asd?
2018-01-03 16:24:40:121
请求中包含非法字符
2018-01-03 16:24:40:171
favicon.ico
2018-01-03 16:24:40:172
favicon.ico
2018-01-03 16:24:40:370
asd?
2018-01-03 16:24:40:372
asd?
2018-01-03 16:24:40:374
请求中包含非法字符
2018-01-03 16:24:40:419
favicon.ico
2018-01-03 16:24:40:422
favicon.ico
2018-01-03 16:24:40:770
asd?
2018-01-03 16:24:40:773
asd?
2018-01-03 16:24:40:775
请求中包含非法字符
2018-01-03 16:24:40:824
favicon.ico
2018-01-03 16:24:40:826
favicon.ico
2018-01-03 16:24:41:025
asd?
2018-01-03 16:24:41:027
asd?
2018-01-03 16:24:41:030
请求中包含非法字符
2018-01-03 16:24:41:075
favicon.ico
2018-01-03 16:24:41:076
favicon.ico
2018-01-03 16:24:41:425
asd?
2018-01-03 16:24:41:426
asd?
2018-01-03 16:24:41:428
请求中包含非法字符
2018-01-03 16:24:41:475
favicon.ico
2018-01-03 16:24:41:478
favicon.ico
2018-01-03 16:24:41:825
asd?
2018-01-03 16:24:41:827
asd?
2018-01-03 16:24:41:829
请求中包含非法字符
2018-01-03 16:24:41:876
favicon.ico
2018-01-03 16:24:41:879
favicon.ico
2018-01-03 16:24:42:020
asd?
2018-01-03 16:24:42:022
asd?
2018-01-03 16:24:42:025
请求中包含非法字符
2018-01-03 16:24:42:071
favicon.ico
2018-01-03 16:24:42:072
favicon.ico
2018-01-03 16:24:42:426
asd?
2018-01-03 16:24:42:428
asd?
2018-01-03 16:24:42:431
请求中包含非法字符
2018-01-03 16:24:42:477
favicon.ico
2018-01-03 16:24:42:480
favicon.ico
2018-01-03 16:24:42:657
asd?
2018-01-03 16:24:42:659
asd?
2018-01-03 16:24:42:661
请求中包含非法字符
2018-01-03 16:24:42:709
favicon.ico
2018-01-03 16:24:42:714
favicon.ico
2018-01-03 16:24:43:128
asd?
2018-01-03 16:24:43:131
asd?
2018-01-03 16:24:43:132
请求中包含非法字符
2018-01-03 16:24:43:178
favicon.ico
2018-01-03 16:24:43:180
favicon.ico
2018-01-03 16:24:43:537
asd?
2018-01-03 16:24:43:539
asd?
2018-01-03 16:24:43:541
请求中包含非法字符
2018-01-03 16:24:43:589
favicon.ico
2018-01-03 16:24:43:592
favicon.ico
2018-01-03 16:24:43:753
asd?
2018-01-03 16:24:43:755
asd?
2018-01-03 16:24:43:757
请求中包含非法字符
2018-01-03 16:24:43:815
favicon.ico
2018-01-03 16:24:43:818
favicon.ico
2018-01-03 16:24:44:177
asd?
2018-01-03 16:24:44:179
asd?
2018-01-03 16:24:44:181
请求中包含非法字符
2018-01-03 16:24:44:226
favicon.ico
2018-01-03 16:24:44:227
favicon.ico
2018-01-03 16:24:44:422
asd?
2018-01-03 16:24:44:424
asd?
2018-01-03 16:24:44:427
请求中包含非法字符
2018-01-03 16:24:44:476
favicon.ico
2018-01-03 16:24:44:478
favicon.ico
2018-01-03 16:24:44:786
asd?
2018-01-03 16:24:44:788
asd?
2018-01-03 16:24:44:790
请求中包含非法字符
2018-01-03 16:24:44:837
favicon.ico
2018-01-03 16:24:44:839
favicon.ico
2018-01-03 16:25:11:162
请求异常
2018-01-03 16:25:35:423
exit
2018-01-03 16:25:39:069
SQL-PC	172.16.0.63
2018-01-03 16:25:39:072
E:\MyFiles\java\projects\TtsServer\src\
2018-01-03 16:25:39:431
Accepting connections on port 8088
2018-01-03 16:25:39:432
Data to be sent:
2018-01-03 16:26:12:955
SQL-PC	172.16.0.63
2018-01-03 16:26:12:957
E:\MyFiles\java\projects\TtsServer\src\
2018-01-03 16:26:13:405
Accepting connections on port 8088
2018-01-03 16:26:13:406
Data to be sent:
2018-01-03 16:26:15:314
fasdf?
2018-01-03 16:26:15:317
fasdf?
2018-01-03 16:26:15:320
请求中包含非法字符
2018-01-03 16:26:15:838
favicon.ico
2018-01-03 16:26:15:840
favicon.ico
2018-01-03 16:27:25:390
exit
2018-01-03 16:27:28:086
SQL-PC	172.16.0.63
2018-01-03 16:27:28:089
E:\MyFiles\java\projects\TtsServer\src\
2018-01-03 16:27:28:464
Accepting connections on port 8088
2018-01-03 16:27:28:466
Data to be sent:
2018-01-03 16:27:29:859
fasdf?
2018-01-03 16:27:29:862
fasdf?
2018-01-03 16:27:29:864
请求中包含非法字符
2018-01-03 16:27:30:364
favicon.ico
2018-01-03 16:27:30:366
favicon.ico
2018-01-03 16:27:32:314
asd?
2018-01-03 16:27:32:316
asd?
2018-01-03 16:27:32:319
请求中包含非法字符
2018-01-03 16:27:32:399
favicon.ico
2018-01-03 16:27:32:400
favicon.ico
2018-01-03 16:27:36:108
asd?
2018-01-03 16:27:36:111
asd?
2018-01-03 16:27:36:115
请求中包含非法字符
2018-01-03 16:27:36:172
favicon.ico
2018-01-03 16:27:36:174
favicon.ico
2018-01-03 16:27:36:695
asd?
2018-01-03 16:27:36:698
asd?
2018-01-03 16:27:36:699
请求中包含非法字符
2018-01-03 16:27:36:750
favicon.ico
2018-01-03 16:27:36:752
favicon.ico
2018-01-03 16:27:36:963
asd?
2018-01-03 16:27:36:966
asd?
2018-01-03 16:27:36:968
请求中包含非法字符
2018-01-03 16:27:37:020
favicon.ico
2018-01-03 16:27:37:022
favicon.ico
2018-01-03 16:27:37:152
asd?
2018-01-03 16:27:37:155
asd?
2018-01-03 16:27:37:157
请求中包含非法字符
2018-01-03 16:27:37:203
favicon.ico
2018-01-03 16:27:37:204
favicon.ico
2018-01-03 16:27:37:320
asd?
2018-01-03 16:27:37:322
asd?
2018-01-03 16:27:37:324
请求中包含非法字符
2018-01-03 16:27:37:371
favicon.ico
2018-01-03 16:27:37:373
favicon.ico
2018-01-03 16:27:37:488
asd?
2018-01-03 16:27:37:490
asd?
2018-01-03 16:27:37:493
请求中包含非法字符
2018-01-03 16:27:37:539
favicon.ico
2018-01-03 16:27:37:541
favicon.ico
2018-01-03 16:27:37:668
asd?
2018-01-03 16:27:37:670
asd?
2018-01-03 16:27:37:672
请求中包含非法字符
2018-01-03 16:27:37:716
favicon.ico
2018-01-03 16:27:37:719
favicon.ico
2018-01-03 16:27:37:855
asd?
2018-01-03 16:27:37:856
asd?
2018-01-03 16:27:37:860
请求中包含非法字符
2018-01-03 16:27:37:904
favicon.ico
2018-01-03 16:27:37:907
favicon.ico
2018-01-03 16:27:38:039
asd?
2018-01-03 16:27:38:041
asd?
2018-01-03 16:27:38:044
请求中包含非法字符
2018-01-03 16:27:38:092
favicon.ico
2018-01-03 16:27:38:094
favicon.ico
2018-01-03 16:27:38:223
asd?
2018-01-03 16:27:38:226
asd?
2018-01-03 16:27:38:230
请求中包含非法字符
2018-01-03 16:27:38:276
favicon.ico
2018-01-03 16:27:38:277
favicon.ico
2018-01-03 16:27:38:401
asd?
2018-01-03 16:27:38:403
asd?
2018-01-03 16:27:38:405
请求中包含非法字符
2018-01-03 16:27:38:449
favicon.ico
2018-01-03 16:27:38:452
favicon.ico
2018-01-03 16:27:38:578
asd?
2018-01-03 16:27:38:581
asd?
2018-01-03 16:27:38:584
请求中包含非法字符
2018-01-03 16:27:38:635
favicon.ico
2018-01-03 16:27:38:637
favicon.ico
2018-01-03 16:27:38:775
asd?
2018-01-03 16:27:38:777
asd?
2018-01-03 16:27:38:780
请求中包含非法字符
2018-01-03 16:27:38:825
favicon.ico
2018-01-03 16:27:38:827
favicon.ico
2018-01-03 16:27:40:777
asd?
2018-01-03 16:27:40:779
asd?
2018-01-03 16:27:40:781
请求中包含非法字符
2018-01-03 16:27:40:828
favicon.ico
2018-01-03 16:27:40:830
favicon.ico
2018-01-03 16:27:41:081
asd?
2018-01-03 16:27:41:084
asd?
2018-01-03 16:27:41:086
请求中包含非法字符
2018-01-03 16:27:41:138
favicon.ico
2018-01-03 16:27:41:140
favicon.ico
2018-01-03 16:27:41:314
asd?
2018-01-03 16:27:41:317
asd?
2018-01-03 16:27:41:319
请求中包含非法字符
2018-01-03 16:27:41:368
favicon.ico
2018-01-03 16:27:41:371
favicon.ico
2018-01-03 16:27:41:517
asd?
2018-01-03 16:27:41:520
asd?
2018-01-03 16:27:41:523
请求中包含非法字符
2018-01-03 16:27:41:585
favicon.ico
2018-01-03 16:27:41:587
favicon.ico
2018-01-03 16:27:41:720
asd?
2018-01-03 16:27:41:722
asd?
2018-01-03 16:27:41:723
请求中包含非法字符
2018-01-03 16:27:41:770
favicon.ico
2018-01-03 16:27:41:772
favicon.ico
2018-01-03 16:27:41:986
asd?
2018-01-03 16:27:41:988
asd?
2018-01-03 16:27:41:990
请求中包含非法字符
2018-01-03 16:27:42:035
favicon.ico
2018-01-03 16:27:42:037
favicon.ico
2018-01-03 16:27:42:322
asd?
2018-01-03 16:27:42:324
asd?
2018-01-03 16:27:42:326
请求中包含非法字符
2018-01-03 16:27:42:405
favicon.ico
2018-01-03 16:27:42:407
favicon.ico
2018-01-03 16:27:44:006
请求异常
2018-01-03 16:29:18:053
fasdf?
2018-01-03 16:29:18:054
fasdf?
2018-01-03 16:29:18:056
请求中包含非法字符
2018-01-03 16:29:19:268
favicon.ico
2018-01-03 16:29:19:269
favicon.ico
2018-01-03 16:29:57:619
favicon.ico
2018-01-03 16:29:57:620
favicon.ico
2018-01-03 16:33:14:258
fasdf?
2018-01-03 16:33:14:261
fasdf?
2018-01-03 16:33:14:262
请求中包含非法字符
2018-01-03 16:33:14:680
favicon.ico
2018-01-03 16:33:14:682
favicon.ico
2018-01-03 16:35:44:342
%E8%AF%B7%E6%B1%82%E7%BF%81%E7%BE%A4%E4%BA%8C%E7%BE%A4%E7%BF%81%EF%BC%9F
2018-01-03 16:35:44:345
请求翁群二群翁？
2018-01-03 16:35:44:346
请求中包含非法字符
2018-01-03 16:35:44:404
favicon.ico
2018-01-03 16:35:44:406
favicon.ico
2018-01-03 16:35:49:952
%E8%AF%B7%E6%B1%82%E7%BF%81%E7%BE%A4%E4%BA%8C%E7%BE%A4%E7%BF%81%EF%BC%9F
2018-01-03 16:35:49:953
请求翁群二群翁？
2018-01-03 16:35:49:954
请求中包含非法字符
2018-01-03 16:35:50:002
favicon.ico
2018-01-03 16:35:50:003
favicon.ico
2018-01-03 16:35:52:431
%E8%AF%B7%E6%B1%82%E7%BF%81%E7%BE%A4%E4%BA%8C%E7%BE%A4%E7%BF%81%EF%BC%9F
2018-01-03 16:35:52:433
请求翁群二群翁？
2018-01-03 16:35:52:434
请求中包含非法字符
2018-01-03 16:35:52:506
favicon.ico
2018-01-03 16:35:52:508
favicon.ico
2018-01-03 16:36:06:214
请求异常
2018-01-03 16:36:06:217
请求异常
2018-01-03 16:36:06:220
asd?
2018-01-03 16:36:06:222
asd?
2018-01-03 16:36:06:224
请求中包含非法字符
2018-01-03 16:36:06:461
favicon.ico
2018-01-03 16:36:06:465
favicon.ico
2018-01-03 16:36:09:932
asd?
2018-01-03 16:36:09:933
asd?
2018-01-03 16:36:09:935
请求中包含非法字符
2018-01-03 16:36:10:007
favicon.ico
2018-01-03 16:36:10:012
favicon.ico
2018-01-03 16:36:12:616
%E8%AF%B7%E6%B1%82%E7%BF%81%E7%BE%A4%E4%BA%8C%E7%BE%A4%E7%BF%81%EF%BC%9F
2018-01-03 16:36:12:621
请求翁群二群翁？
2018-01-03 16:36:12:624
请求中包含非法字符
2018-01-03 16:36:12:682
favicon.ico
2018-01-03 16:36:12:684
favicon.ico
2018-01-03 16:36:15:080
%E8%AF%B7%E6%B1%82%E7%BF%81%E7%BE%A4%E4%BA%8C%E7%BE%A4%E7%BF%81%EF%BC%9F
2018-01-03 16:36:15:083
请求翁群二群翁？
2018-01-03 16:36:15:085
请求中包含非法字符
2018-01-03 16:36:15:130
favicon.ico
2018-01-03 16:36:15:132
favicon.ico
2018-01-03 16:38:05:416
请求异常
2018-01-03 16:43:41:233
asd?
2018-01-03 16:43:41:234
asd?
2018-01-03 16:43:41:237
请求中包含非法字符
2018-01-03 16:43:41:660
favicon.ico
2018-01-03 16:43:41:662
favicon.ico
2018-01-03 16:44:00:963
favicon.ico
2018-01-03 16:44:00:965
favicon.ico
2018-01-03 16:44:10:813
请求异常
2018-01-03 16:44:15:815
asd?
2018-01-03 16:44:15:817
asd?
2018-01-03 16:44:15:818
请求中包含非法字符
2018-01-03 16:44:15:855
favicon.ico
2018-01-03 16:44:15:857
favicon.ico
2018-01-03 16:44:18:338
asd?
2018-01-03 16:44:18:340
asd?
2018-01-03 16:44:18:341
请求中包含非法字符
2018-01-03 16:44:18:374
favicon.ico
2018-01-03 16:44:18:376
favicon.ico
2018-01-03 16:44:36:109
asd?
2018-01-03 16:44:36:111
asd?
2018-01-03 16:44:36:113
请求中包含非法字符
2018-01-03 16:44:36:161
favicon.ico
2018-01-03 16:44:36:163
favicon.ico
2018-01-03 16:44:39:856
asd?
2018-01-03 16:44:39:858
asd?
2018-01-03 16:44:39:860
请求中包含非法字符
2018-01-03 16:44:39:924
favicon.ico
2018-01-03 16:44:39:926
favicon.ico
2018-01-03 16:45:00:134
favicon.ico
2018-01-03 16:45:00:135
favicon.ico
2018-01-03 16:45:05:943
asd?
2018-01-03 16:45:05:945
asd?
2018-01-03 16:45:05:947
请求中包含非法字符
2018-01-03 16:45:05:966
favicon.ico
2018-01-03 16:45:05:968
favicon.ico
2018-01-03 16:46:52:332
%E8%AF%B7%E6%B1%82%E7%BF%81%E7%BE%A4%E4%BA%8C%E7%BE%A4%E7%BF%81%EF%BC%9F
2018-01-03 16:46:52:337
请求翁群二群翁？
2018-01-03 16:46:52:340
请求中包含非法字符
2018-01-03 16:46:55:329
favicon.ico
2018-01-03 16:46:55:330
favicon.ico
2018-01-03 16:47:26:610
请求异常
2018-01-03 16:47:26:611
%E7%8E%8B
2018-01-03 16:47:26:613
王
2018-01-03 16:47:26:663
%E9%98%BF%E6%96%AF%E9%A1%BF%E5%8F%91%E7%94%9F%E5%A4%A7%E4%BA%8B%E7%9A%84%E5%8F%91%E7%94%9F%E7%9A%84%E5%8F%91%E7%94%9F%E7%9A%84%E5%8F%91%E7%94%9F%E5%8F%91%E9%80%81%E5%88%B0%E5%8F%91%E9%80%81%E5%88%B0%E5%8F%91%E9%80%81%E5%88%B0%E5%8F%91%E9%80%81%E5%88%B0%E5%8F%91%E9%80%81%E5%88%B0%E5%88%86
2018-01-03 16:47:26:666
阿斯顿发生大事的发生的发生的发生发送到发送到发送到发送到发送到分
2018-01-03 16:47:26:850
请求异常
2018-01-03 16:47:26:852
fasdf?
2018-01-03 16:47:26:854
fasdf?
2018-01-03 16:47:26:855
请求中包含非法字符
2018-01-03 16:47:27:713
favicon.ico
2018-01-03 16:47:27:715
favicon.ico
2018-01-03 16:47:33:689
%E9%98%BF%E6%96%AF%E9%A1%BF%E5%8F%91%E7%94%9F%E5%A4%A7%E4%BA%8B%E7%9A%84%E5%8F%91%E7%94%9F%E7%9A%84%E5%8F%91%E7%94%9F%E7%9A%84%E5%8F%91%E7%94%9F%E5%8F%91%E9%80%81%E5%88%B0%E5%8F%91%E9%80%81%E5%88%B0%E5%8F%91%E9%80%81%E5%88%B0%E5%8F%91%E9%80%81%E5%88%B0%E5%8F%91%E9%80%81%E5%88%B0%E5%88%86
2018-01-03 16:47:33:692
阿斯顿发生大事的发生的发生的发生发送到发送到发送到发送到发送到分
2018-01-03 16:47:41:486
%E7%8E%8B
2018-01-03 16:47:41:488
王
2018-01-03 16:51:05:626
fasdf?
2018-01-03 16:51:05:628
fasdf?
2018-01-03 16:51:05:629
请求中包含非法字符
